Tue, 10 May 2016 16:12:15 pathDLCM.py[line:23] INFO 0 2533.jpg res:[ 0.10084427  2.66443268  0.37626263  0.32701818]
Tue, 10 May 2016 16:12:15 pathDLCM.py[line:23] INFO 0 1772.jpg res:[ 0.25376057  1.6069548   0.55093868  0.86563105]
Tue, 10 May 2016 16:12:16 pathDLCM.py[line:23] INFO 0 750.jpg res:[ 0.62376216  0.77330275  0.0896082   4.66282012]
Tue, 10 May 2016 16:12:16 pathDLCM.py[line:23] INFO 0 1605.jpg res:[  9.89228708e-01   3.83323290e-02   2.04060810e-03   1.76552691e+02]
Tue, 10 May 2016 16:12:16 pathDLCM.py[line:23] INFO 0 2447.jpg res:[ 0.11194911  2.68637863  0.49803591  0.27153072]
Tue, 10 May 2016 16:12:16 pathDLCM.py[line:23] INFO 0 2542.jpg res:[ 0.71644379  0.73382575  0.08764412  4.63005865]
Tue, 10 May 2016 16:12:16 pathDLCM.py[line:23] INFO 0 96.jpg res:[ 0.24925697  1.92138835  0.24076625  0.64398548]
Tue, 10 May 2016 16:12:16 pathDLCM.py[line:23] INFO 0 2479.jpg res:[ 0.20293449  2.12736275  0.23949087  0.5703419 ]
Tue, 10 May 2016 16:12:16 pathDLCM.py[line:23] INFO 0 2556.jpg res:[ 0.12661068  2.43025552  0.35922355  0.60706262]
Tue, 10 May 2016 16:12:16 pathDLCM.py[line:23] INFO 0 1771.jpg res:[ 0.55884662  0.92893049  0.25183655  1.82057092]
Tue, 10 May 2016 16:12:16 pathDLCM.py[line:23] INFO 0 2539.jpg res:[ 0.51366499  1.14128073  0.13812366  2.8928486 ]
Tue, 10 May 2016 16:12:17 pathDLCM.py[line:23] INFO 0 122.jpg res:[ 0.68753681  0.96096262  0.20612693  0.59186392]
Tue, 10 May 2016 16:12:17 pathDLCM.py[line:23] INFO 0 1770.jpg res:[ 0.51937962  1.07318018  0.69992858  0.58495535]
Tue, 10 May 2016 16:12:17 pathDLCM.py[line:23] INFO 0 2606.jpg res:[ 0.5092816   1.17578745  0.15585144  2.70477947]
Tue, 10 May 2016 16:12:17 pathDLCM.py[line:23] INFO 0 192.jpg res:[ 0.60473481  0.74410708  0.03134884  4.73396089]
Tue, 10 May 2016 16:12:17 pathDLCM.py[line:23] INFO 0 2445.jpg res:[ 0.08265952  2.83452162  0.41505969  0.2238016 ]
Tue, 10 May 2016 16:12:17 pathDLCM.py[line:23] INFO 0 2545.jpg res:[ 0.12701522  2.91875308  0.60889195  0.10749844]
Tue, 10 May 2016 16:12:17 pathDLCM.py[line:23] INFO 0 746.jpg res:[ 0.3739451   1.16117156  0.14281706  2.7369262 ]
Tue, 10 May 2016 16:12:17 pathDLCM.py[line:23] INFO 0 1768.jpg res:[ 0.83702121  0.41368811  0.08527191  5.58390398]
Tue, 10 May 2016 16:12:17 pathDLCM.py[line:23] INFO 0 2559.jpg res:[ 0.1279296   2.43057432  0.39934701  0.62574235]
Tue, 10 May 2016 16:12:18 pathDLCM.py[line:23] INFO 0 2591.jpg res:[ 0.10529002  2.56435208  0.33369044  0.43411371]
Tue, 10 May 2016 16:12:18 pathDLCM.py[line:23] INFO 0 1800.jpg res:[ 0.1565525   2.24884476  0.32024793  0.72716057]
Tue, 10 May 2016 16:12:18 pathDLCM.py[line:23] INFO 0 2446.jpg res:[ 0.10601048  2.73649169  0.49137843  0.22070879]
Tue, 10 May 2016 16:12:18 pathDLCM.py[line:23] INFO 0 2595.jpg res:[ 0.18477813  2.08778846  0.2496684   0.82411397]
Tue, 10 May 2016 16:12:18 pathDLCM.py[line:23] INFO 0 2534.jpg res:[ 0.13316981  2.35638181  0.37072748  0.59576886]
Tue, 10 May 2016 16:12:18 pathDLCM.py[line:23] INFO 0 49.jpg res:[ 0.38058139  1.59156244  0.19286297  1.02157004]
Tue, 10 May 2016 16:12:18 pathDLCM.py[line:23] INFO 0 183.jpg res:[ 0.36972182  1.28047789  0.12858382  2.16091164]
Tue, 10 May 2016 16:12:18 pathDLCM.py[line:23] INFO 0 2569.jpg res:[ 0.47580752  1.10555092  0.15508622  2.91906353]
Tue, 10 May 2016 16:12:18 pathDLCM.py[line:23] INFO 0 1674.jpg res:[ 0.35856441  1.34295212  0.18467503  1.80142006]
Tue, 10 May 2016 16:12:19 pathDLCM.py[line:23] INFO 0 2541.jpg res:[ 0.66472881  0.8176224   0.10506581  4.50128224]
Tue, 10 May 2016 16:12:19 pathDLCM.py[line:23] INFO 0 1706.jpg res:[ 0.50260636  1.05188134  0.21451893  1.54627369]
Tue, 10 May 2016 16:12:19 pathDLCM.py[line:23] INFO 0 187.jpg res:[ 0.63555973  1.07727545  0.26754923  0.80826413]
Tue, 10 May 2016 16:12:19 pathDLCM.py[line:23] INFO 0 2607.jpg res:[ 0.3309531   1.41621125  0.15549434  1.98216842]
Tue, 10 May 2016 16:12:19 pathDLCM.py[line:23] INFO 0 31.jpg res:[ 0.34503705  1.76588956  0.53147638  0.24810511]
Tue, 10 May 2016 16:12:19 pathDLCM.py[line:23] INFO 0 2443.jpg res:[ 0.08229302  3.09845892  0.61667177  0.15593387]
Tue, 10 May 2016 16:12:19 pathDLCM.py[line:23] INFO 0 1773.jpg res:[ 0.36464797  1.98722586  1.10093358  0.37844619]
Tue, 10 May 2016 16:12:19 pathDLCM.py[line:23] INFO 0 2553.jpg res:[ 0.09482386  2.66308311  0.37547189  0.40452945]
Tue, 10 May 2016 16:12:19 pathDLCM.py[line:23] INFO 0 2477.jpg res:[ 0.13916768  2.39045212  0.30024997  0.24110495]
Tue, 10 May 2016 16:12:19 pathDLCM.py[line:23] INFO 0 2575.jpg res:[ 0.3866775   1.34391567  0.17827263  2.2600323 ]
Tue, 10 May 2016 16:12:20 pathDLCM.py[line:23] INFO 0 2594.jpg res:[ 0.09232814  2.68598156  0.36003979  0.33488301]
Tue, 10 May 2016 16:12:20 pathDLCM.py[line:23] INFO 0 2546.jpg res:[ 0.34119131  1.44658529  0.19347516  1.80128467]
Tue, 10 May 2016 16:12:20 pathDLCM.py[line:23] INFO 0 2601.jpg res:[ 0.55615429  0.97817677  0.13419549  3.40205234]
Tue, 10 May 2016 16:12:20 pathDLCM.py[line:23] INFO 0 1609.jpg res:[ 1.  0.  0.  0.]
Tue, 10 May 2016 16:12:20 pathDLCM.py[line:23] INFO 0 123.jpg res:[ 0.41078591  1.06160009  0.09922457  3.02262445]
Tue, 10 May 2016 16:12:20 pathDLCM.py[line:23] INFO 0 103.jpg res:[ 0.64004758  0.89081123  0.47477298  0.43299438]
Tue, 10 May 2016 16:12:20 pathDLCM.py[line:23] INFO 0 44.jpg res:[ 0.0689708   3.13150662  0.73229772  0.13711058]
Tue, 10 May 2016 16:12:20 pathDLCM.py[line:23] INFO 0 2475.jpg res:[ 0.11719235  2.46873073  0.2805326   0.31862685]
Tue, 10 May 2016 16:12:21 pathDLCM.py[line:23] INFO 0 2563.jpg res:[ 0.19370717  2.21951373  0.31473829  0.5638296 ]
Tue, 10 May 2016 16:12:21 pathDLCM.py[line:23] INFO 0 745.jpg res:[ 0.3267405   1.39414003  0.12062545  1.95150711]
Tue, 10 May 2016 16:12:21 pathDLCM.py[line:23] INFO 0 2600.jpg res:[ 0.61226442  0.92925263  0.11473319  3.87069769]
Tue, 10 May 2016 16:12:21 pathDLCM.py[line:23] INFO 0 2560.jpg res:[ 0.10525835  2.56680172  0.41097847  0.48622942]
Tue, 10 May 2016 16:12:21 pathDLCM.py[line:23] INFO 0 1767.jpg res:[ 0.77202464  0.8361048   1.42934394  0.24136092]
Tue, 10 May 2016 16:12:21 pathDLCM.py[line:23] INFO 0 2551.jpg res:[ 0.13193915  2.48408141  0.33297623  0.38725067]
Tue, 10 May 2016 16:12:21 pathDLCM.py[line:23] INFO 0 2472.jpg res:[ 0.1009537   2.6617633   0.3808795   0.31896856]
Tue, 10 May 2016 16:12:21 pathDLCM.py[line:23] INFO 0 32.jpg res:[ 0.43727998  1.59227495  0.38445057  0.33751018]
Tue, 10 May 2016 16:12:21 pathDLCM.py[line:23] INFO 0 1607.jpg res:[ 0.24606617  1.85451408  0.12656872  0.48739932]
Tue, 10 May 2016 16:12:22 pathDLCM.py[line:23] INFO 0 2571.jpg res:[ 0.5426698   1.08116347  0.13945006  3.10252938]
Tue, 10 May 2016 16:12:22 pathDLCM.py[line:23] INFO 0 2599.jpg res:[ 0.56265654  1.01209443  0.13144067  3.42442692]
Tue, 10 May 2016 16:12:22 pathDLCM.py[line:23] INFO 0 2596.jpg res:[ 0.23232538  2.01564284  0.24854607  0.74243485]
Tue, 10 May 2016 16:12:22 pathDLCM.py[line:23] INFO 0 2565.jpg res:[ 0.25623253  1.9117698   0.2516835   0.88343285]
Tue, 10 May 2016 16:12:22 pathDLCM.py[line:23] INFO 0 2561.jpg res:[ 0.12092685  2.47947038  0.39121008  0.54115327]
Tue, 10 May 2016 16:12:22 pathDLCM.py[line:23] INFO 0 2557.jpg res:[ 0.12266933  2.48958705  0.40809611  0.57500105]
Tue, 10 May 2016 16:12:22 pathDLCM.py[line:23] INFO 0 2558.jpg res:[ 0.1208651   2.47437674  0.3825375   0.58759771]
Tue, 10 May 2016 16:12:22 pathDLCM.py[line:23] INFO 0 174.jpg res:[ 0.19075121  1.97179648  0.17289052  0.76292669]
Tue, 10 May 2016 16:12:22 pathDLCM.py[line:23] INFO 0 173.jpg res:[ 0.12218116  2.60432853  0.28397612  0.14647528]
Tue, 10 May 2016 16:12:23 pathDLCM.py[line:23] INFO 0 2538.jpg res:[ 0.47064672  1.23416474  0.15898888  2.55411482]
Tue, 10 May 2016 16:12:23 pathDLCM.py[line:23] INFO 0 2471.jpg res:[ 0.10748146  2.59085862  0.37042139  0.31472388]
Tue, 10 May 2016 16:12:23 pathDLCM.py[line:23] INFO 0 2562.jpg res:[ 0.19371325  2.13423296  0.30481584  0.73821946]
Tue, 10 May 2016 16:12:23 pathDLCM.py[line:23] INFO 0 2478.jpg res:[ 0.15823592  2.38548997  0.28497092  0.35940907]
Tue, 10 May 2016 16:12:23 pathDLCM.py[line:23] INFO 0 2508.jpg res:[ 0.24018173  2.03246342  0.21615141  0.47532065]
Tue, 10 May 2016 16:12:23 pathDLCM.py[line:23] INFO 0 48.jpg res:[ 0.20705556  2.00973817  0.25943781  0.8169565 ]
Tue, 10 May 2016 16:12:23 pathDLCM.py[line:23] INFO 0 113.jpg res:[ 0.47226552  1.39198712  0.4526834   0.1693852 ]
Tue, 10 May 2016 16:12:23 pathDLCM.py[line:23] INFO 0 2568.jpg res:[ 0.39487808  1.18071978  0.16263647  2.67351834]
Tue, 10 May 2016 16:12:23 pathDLCM.py[line:23] INFO 0 2476.jpg res:[ 0.11476981  2.45444922  0.29088868  0.29031925]
Tue, 10 May 2016 16:12:24 pathDLCM.py[line:23] INFO 0 2536.jpg res:[ 0.29314563  1.99609066  0.27025304  0.49494394]
Tue, 10 May 2016 16:12:24 pathDLCM.py[line:23] INFO 0 747.jpg res:[ 0.4224775   0.99860552  0.09680135  3.26547696]
Tue, 10 May 2016 16:12:24 pathDLCM.py[line:23] INFO 0 1766.jpg res:[ 0.92628471  0.26190484  0.22222222  2.24591345]
Tue, 10 May 2016 16:12:24 pathDLCM.py[line:23] INFO 0 2552.jpg res:[ 0.11418507  2.49769345  0.36029487  0.47835123]
Tue, 10 May 2016 16:12:24 pathDLCM.py[line:23] INFO 0 2593.jpg res:[ 0.18394395  2.08702782  0.26635037  0.82445971]
Tue, 10 May 2016 16:12:24 pathDLCM.py[line:23] INFO 0 43.jpg res:[ 0.0980003   2.79303915  0.5852209   0.16018098]
Tue, 10 May 2016 16:12:24 pathDLCM.py[line:23] INFO 0 2470.jpg res:[ 0.11122217  2.58715685  0.40026528  0.35923644]
Tue, 10 May 2016 16:12:24 pathDLCM.py[line:23] INFO 0 2554.jpg res:[ 0.10163001  2.6533786   0.36810019  0.32020806]
Tue, 10 May 2016 16:12:24 pathDLCM.py[line:23] INFO 0 2544.jpg res:[ 0.18251353  2.48592062  0.47803796  0.139341  ]
Tue, 10 May 2016 16:12:25 pathDLCM.py[line:23] INFO 0 2604.jpg res:[ 0.29426378  1.57031856  0.21816651  1.32682791]
Tue, 10 May 2016 16:12:25 pathDLCM.py[line:23] INFO 0 2602.jpg res:[ 0.46718313  1.12255507  0.15370881  2.8536452 ]
Tue, 10 May 2016 16:12:25 pathDLCM.py[line:23] INFO 0 1807.jpg res:[ 0.10867907  2.70687694  1.15006122  0.42313063]
Tue, 10 May 2016 16:12:25 pathDLCM.py[line:23] INFO 0 2574.jpg res:[ 0.34002306  1.39068991  0.19146006  1.89125218]
Tue, 10 May 2016 16:12:25 pathDLCM.py[line:23] INFO 0 2548.jpg res:[ 0.25293693  1.89513363  0.21258035  0.80960316]
Tue, 10 May 2016 16:12:25 pathDLCM.py[line:23] INFO 0 2597.jpg res:[ 0.36515876  1.45323696  0.16289154  1.94696069]
Tue, 10 May 2016 16:12:25 pathDLCM.py[line:23] INFO 0 2510.jpg res:[ 0.33742361  1.70020952  0.15801959  0.69492073]
Tue, 10 May 2016 16:12:25 pathDLCM.py[line:23] INFO 0 2509.jpg res:[ 0.26967002  1.94919539  0.19643404  0.53423837]
Tue, 10 May 2016 16:12:25 pathDLCM.py[line:23] INFO 0 2566.jpg res:[ 0.33844746  1.394543    0.17475258  2.0996472 ]
Tue, 10 May 2016 16:12:25 pathDLCM.py[line:23] INFO 0 2605.jpg res:[ 0.28062631  1.82569665  0.23862361  0.95904919]
Tue, 10 May 2016 16:12:26 pathDLCM.py[line:23] INFO 0 80.jpg res:[ 0.30592468  1.9487203   0.27680849  0.16668586]
Tue, 10 May 2016 16:12:26 pathDLCM.py[line:23] INFO 0 186.jpg res:[ 0.49225606  1.58304359  0.37139067  0.40146851]
Tue, 10 May 2016 16:12:26 pathDLCM.py[line:23] INFO 0 2537.jpg res:[ 0.45945085  1.28771302  0.17059484  2.19458321]
Tue, 10 May 2016 16:12:26 pathDLCM.py[line:23] INFO 0 1765.jpg res:[ 0.68614287  1.03707885  0.90937149  0.50533383]
Tue, 10 May 2016 16:12:26 pathDLCM.py[line:23] INFO 0 1606.jpg res:[ 1.  0.  0.  0.]
Tue, 10 May 2016 16:12:26 pathDLCM.py[line:23] INFO 0 2549.jpg res:[ 0.27909981  1.73405219  0.20444342  0.98520719]
Tue, 10 May 2016 16:12:26 pathDLCM.py[line:23] INFO 0 2592.jpg res:[ 0.16558069  2.16978679  0.27795633  0.77017417]
Tue, 10 May 2016 16:12:26 pathDLCM.py[line:23] INFO 0 2543.jpg res:[ 0.45182073  1.20067138  0.14837772  2.10139778]
Tue, 10 May 2016 16:12:26 pathDLCM.py[line:23] INFO 0 1808.jpg res:[ 0.14793884  2.28239354  0.63633813  0.74306052]
Tue, 10 May 2016 16:12:27 pathDLCM.py[line:23] INFO 0 2572.jpg res:[ 0.6488877   0.81912323  0.10700439  4.35204755]
Tue, 10 May 2016 16:12:27 pathDLCM.py[line:23] INFO 0 2511.jpg res:[ 0.3302346   1.81183669  0.2157688   0.41758621]
Tue, 10 May 2016 16:12:27 pathDLCM.py[line:23] INFO 0 1806.jpg res:[ 0.05754747  3.34851309  1.62200286  0.24069301]
Tue, 10 May 2016 16:12:27 pathDLCM.py[line:23] INFO 0 1815.jpg res:[ 0.0934701   2.74897208  0.76420773  0.51129353]
Tue, 10 May 2016 16:12:27 pathDLCM.py[line:23] INFO 0 2550.jpg res:[ 0.24045033  1.92137074  0.23084379  0.64985264]
Tue, 10 May 2016 16:12:27 pathDLCM.py[line:23] INFO 0 1149.jpg res:[ 0.19194468  2.47824544  0.25793286  0.0948637 ]
Tue, 10 May 2016 16:12:27 pathDLCM.py[line:23] INFO 0 2473.jpg res:[ 0.09158874  2.74996922  0.397638    0.26032949]
Tue, 10 May 2016 16:12:27 pathDLCM.py[line:23] INFO 0 1608.jpg res:[ 0.61045944  0.97657759  0.06318233  1.27018231]
Tue, 10 May 2016 16:12:27 pathDLCM.py[line:23] INFO 0 2573.jpg res:[ 0.55982749  1.04861766  0.13587899  2.3253465 ]
Tue, 10 May 2016 16:12:28 pathDLCM.py[line:23] INFO 0 2567.jpg res:[ 0.33802235  1.35444707  0.18194572  2.1795067 ]
Tue, 10 May 2016 16:12:28 pathDLCM.py[line:23] INFO 0 2442.jpg res:[ 0.10617722  3.03459544  0.58840935  0.12852685]
Tue, 10 May 2016 16:12:28 pathDLCM.py[line:23] INFO 0 1814.jpg res:[ 0.07041009  3.01177211  0.78974084  0.36800183]
Tue, 10 May 2016 16:12:28 pathDLCM.py[line:23] INFO 0 2444.jpg res:[ 0.07474831  3.04692956  0.51716662  0.17256474]
Tue, 10 May 2016 16:12:28 pathDLCM.py[line:23] INFO 0 98.jpg res:[ 0.63474881  0.7199217   0.06662585  5.03740928]
Tue, 10 May 2016 16:12:28 pathDLCM.py[line:23] INFO 0 92.jpg res:[ 0.14610968  2.45260214  0.27479339  0.14301409]
Tue, 10 May 2016 16:12:28 pathDLCM.py[line:23] INFO 0 97.jpg res:[ 0.76477078  0.62706768  0.05869299  3.60418288]
Tue, 10 May 2016 16:12:28 pathDLCM.py[line:23] INFO 0 60.jpg res:[ 0.43584373  1.4795474   0.17526273  1.21883714]
Tue, 10 May 2016 16:12:28 pathDLCM.py[line:23] INFO 0 2535.jpg res:[ 0.16047445  2.33375674  0.34506683  0.52769132]
Tue, 10 May 2016 16:12:29 pathDLCM.py[line:23] INFO 0 2598.jpg res:[ 0.50114052  1.12537676  0.12531885  2.98894006]
Tue, 10 May 2016 16:12:29 pathDLCM.py[line:23] INFO 0 2603.jpg res:[ 0.45351564  1.0814541   0.14860728  2.9065884 ]
Tue, 10 May 2016 16:12:29 pathDLCM.py[line:23] INFO 0 2570.jpg res:[ 0.4650801   1.26255199  0.15291807  2.36197897]
Tue, 10 May 2016 16:12:29 pathDLCM.py[line:23] INFO 0 2547.jpg res:[ 0.29474714  1.63988206  0.18472605  1.36931449]
Tue, 10 May 2016 16:12:29 pathDLCM.py[line:23] INFO 0 2540.jpg res:[ 0.51428504  1.13193324  0.14427099  2.96478702]
Tue, 10 May 2016 16:12:29 pathDLCM.py[line:23] INFO 0 1509.jpg res:[ 1.  0.  0.  0.]
Tue, 10 May 2016 16:12:29 pathDLCM.py[line:23] INFO 2 915.jpg res:[ 0.13007816  2.53719913  1.17396184  0.38249972]
Tue, 10 May 2016 16:12:29 pathDLCM.py[line:23] INFO 0 1675.jpg res:[ 0.52373799  0.99193537  0.11825324  3.32447429]
Tue, 10 May 2016 16:12:29 pathDLCM.py[line:23] INFO 2 86.jpg res:[ 0.06926931  3.15830291  1.37072748  0.31115325]
Tue, 10 May 2016 16:12:29 pathDLCM.py[line:23] INFO 0 2555.jpg res:[ 0.11188696  2.59506615  0.40363228  0.42375139]
Tue, 10 May 2016 16:12:29 pathDLCM.py[line:23] INFO 2 366.jpg res:[ 0.16017741  2.21323102  0.31616672  0.7967566 ]
Tue, 10 May 2016 16:12:29 pathDLCM.py[line:23] INFO 0 2474.jpg res:[ 0.10028395  2.65741726  0.38276706  0.28147815]
Tue, 10 May 2016 16:12:30 pathDLCM.py[line:23] INFO 2 387.jpg res:[ 0.07312234  3.1075483   0.85049995  0.23622738]
Tue, 10 May 2016 16:12:30 pathDLCM.py[line:23] INFO 0 2564.jpg res:[ 0.18546645  2.20510665  0.31183043  0.61666839]
Tue, 10 May 2016 16:12:30 pathDLCM.py[line:23] INFO 0 749.jpg res:[ 0.64639438  0.79966372  0.07580859  4.81495224]
Tue, 10 May 2016 16:12:30 pathDLCM.py[line:23] INFO 2 576.jpg res:[ 0.01893797  4.56041633  8.53078767  0.04690941]
Tue, 10 May 2016 16:12:30 pathDLCM.py[line:23] INFO 0 748.jpg res:[ 0.41676151  1.00634237  0.09820426  3.23826257]
Tue, 10 May 2016 16:12:30 pathDLCM.py[line:23] INFO 2 402.jpg res:[ 0.03967854  3.51552958  1.11524334  0.17241017]
Tue, 10 May 2016 16:12:30 pathDLCM.py[line:23] INFO 0 72.jpg res:[ 0.35981974  1.5578688   0.19643404  1.3791292 ]
Tue, 10 May 2016 16:12:30 pathDLCM.py[line:23] INFO 2 1019.jpg res:[ 0.04563092  3.69229477  1.71064177  0.12586796]
Tue, 10 May 2016 16:12:30 pathDLCM.py[line:23] INFO 0 84.jpg res:[ 0.35678098  1.41217802  0.16437098  1.45213653]
Tue, 10 May 2016 16:12:30 pathDLCM.py[line:23] INFO 2 726.jpg res:[ 0.14714055  2.82925132  1.18781247  0.14244069]
Tue, 10 May 2016 16:12:30 pathDLCM.py[line:23] INFO 2 389.jpg res:[ 0.0771973   2.97914326  1.13998572  0.38148718]
Tue, 10 May 2016 16:12:30 pathDLCM.py[line:23] INFO 2 1017.jpg res:[ 0.04854224  3.49412001  1.58228752  0.22200531]
Tue, 10 May 2016 16:12:30 pathDLCM.py[line:23] INFO 2 353.jpg res:[ 0.08198058  2.89375713  0.90041832  0.36554655]
Tue, 10 May 2016 16:12:31 pathDLCM.py[line:23] INFO 2 719.jpg res:[ 0.12284258  2.55632829  0.66263647  0.56722903]
Tue, 10 May 2016 16:12:31 pathDLCM.py[line:23] INFO 2 311.jpg res:[ 0.26162633  1.72267048  0.22413529  1.46352777]
Tue, 10 May 2016 16:12:31 pathDLCM.py[line:23] INFO 2 626.jpg res:[ 0.14481279  2.43629889  1.11070299  0.44470667]
Tue, 10 May 2016 16:12:31 pathDLCM.py[line:23] INFO 2 400.jpg res:[ 0.05507039  3.36896616  1.20579533  0.14897085]
Tue, 10 May 2016 16:12:31 pathDLCM.py[line:23] INFO 2 921.jpg res:[ 0.11201756  2.56913987  1.26938578  0.28493758]
Tue, 10 May 2016 16:12:31 pathDLCM.py[line:23] INFO 2 565.jpg res:[ 0.02786631  4.42041466  7.03981737  0.04437955]
Tue, 10 May 2016 16:12:31 pathDLCM.py[line:23] INFO 2 1011.jpg res:[ 0.03813867  3.64411094  1.65758596  0.19660541]
Tue, 10 May 2016 16:12:31 pathDLCM.py[line:23] INFO 2 363.jpg res:[ 0.07589541  2.94994743  0.73543516  0.37004601]
Tue, 10 May 2016 16:12:31 pathDLCM.py[line:23] INFO 2 724.jpg res:[ 0.1844045   2.13030163  0.33124171  0.73897659]
Tue, 10 May 2016 16:12:32 pathDLCM.py[line:23] INFO 2 850.jpg res:[ 0.07147194  3.39865433  1.4912764   0.12934218]
Tue, 10 May 2016 16:12:32 pathDLCM.py[line:23] INFO 2 1395.jpg res:[ 0.06971039  3.14399458  1.41429446  0.28161933]
Tue, 10 May 2016 16:12:32 pathDLCM.py[line:23] INFO 2 1394.jpg res:[ 0.05850927  3.29454689  1.33634323  0.23708337]
Tue, 10 May 2016 16:12:32 pathDLCM.py[line:23] INFO 2 564.jpg res:[ 0.01923607  4.41523239  8.2962963   0.05233046]
Tue, 10 May 2016 16:12:32 pathDLCM.py[line:23] INFO 2 1018.jpg res:[ 0.03720241  3.78107793  2.21082032  0.11754529]
Tue, 10 May 2016 16:12:32 pathDLCM.py[line:23] INFO 2 352.jpg res:[ 0.07191667  2.97371043  0.93056831  0.35868714]
Tue, 10 May 2016 16:12:32 pathDLCM.py[line:23] INFO 2 574.jpg res:[ 0.0236171   4.34755394  8.54940822  0.05659159]
Tue, 10 May 2016 16:12:32 pathDLCM.py[line:23] INFO 2 573.jpg res:[ 0.2798037   2.68469232  3.5818794   0.10774826]
Tue, 10 May 2016 16:12:32 pathDLCM.py[line:23] INFO 2 854.jpg res:[ 0.16202788  2.67229138  1.04894909  0.21052775]
Tue, 10 May 2016 16:12:33 pathDLCM.py[line:23] INFO 2 1022.jpg res:[ 0.03171404  3.91495463  2.17230385  0.11927669]
Tue, 10 May 2016 16:12:33 pathDLCM.py[line:23] INFO 2 859.jpg res:[ 0.03311143  4.00688019  4.74788287  0.10358154]
Tue, 10 May 2016 16:12:33 pathDLCM.py[line:23] INFO 2 1021.jpg res:[ 0.03084628  3.93384333  2.21571778  0.1175046 ]
Tue, 10 May 2016 16:12:33 pathDLCM.py[line:23] INFO 2 1014.jpg res:[ 0.11100825  2.7008804   0.78678196  0.5022657 ]
Tue, 10 May 2016 16:12:33 pathDLCM.py[line:23] INFO 2 81.jpg res:[ 0.05275956  3.31539254  1.10136721  0.2617465 ]
Tue, 10 May 2016 16:12:33 pathDLCM.py[line:23] INFO 2 491.jpg res:[ 0.24986162  1.72855117  0.3473115   1.40785009]
Tue, 10 May 2016 16:12:33 pathDLCM.py[line:23] INFO 2 371.jpg res:[ 0.05828912  3.20333434  0.85759106  0.26662154]
Tue, 10 May 2016 16:12:33 pathDLCM.py[line:23] INFO 2 853.jpg res:[ 0.19472119  2.63541242  0.95462198  0.17185991]
Tue, 10 May 2016 16:12:33 pathDLCM.py[line:23] INFO 2 489.jpg res:[ 0.24357737  1.74674799  0.35004081  1.39036763]
Tue, 10 May 2016 16:12:34 pathDLCM.py[line:23] INFO 2 1016.jpg res:[ 0.03292655  3.72561474  1.66806958  0.16600464]
Tue, 10 May 2016 16:12:34 pathDLCM.py[line:23] INFO 2 793.jpg res:[ 0.07060879  3.00616861  0.37044689  0.18006523]
Tue, 10 May 2016 16:12:34 pathDLCM.py[line:23] INFO 2 794.jpg res:[ 0.11555787  2.50047384  0.22546169  0.37237998]
Tue, 10 May 2016 16:12:34 pathDLCM.py[line:23] INFO 2 494.jpg res:[ 0.18009773  2.02769642  0.35968269  1.09879121]
Tue, 10 May 2016 16:12:34 pathDLCM.py[line:23] INFO 2 860.jpg res:[  8.08591090e-03   5.07650617e+00   1.26068513e+01   3.94355328e-02]
Tue, 10 May 2016 16:12:34 pathDLCM.py[line:23] INFO 2 1396.jpg res:[ 0.0464485   3.61629951  2.45574431  0.14555089]
Tue, 10 May 2016 16:12:34 pathDLCM.py[line:23] INFO 2 1010.jpg res:[ 0.02639931  3.93485097  1.93918988  0.13072646]
Tue, 10 May 2016 16:12:34 pathDLCM.py[line:23] INFO 2 372.jpg res:[ 0.06044311  3.10768541  0.71515662  0.28412984]
Tue, 10 May 2016 16:12:34 pathDLCM.py[line:23] INFO 2 851.jpg res:[ 0.22222009  2.46196405  1.0513468   0.26799319]
Tue, 10 May 2016 16:12:35 pathDLCM.py[line:23] INFO 2 857.jpg res:[ 0.06263683  3.466397    1.48737374  0.10058625]
Tue, 10 May 2016 16:12:35 pathDLCM.py[line:23] INFO 2 83.jpg res:[ 0.05592668  3.46251799  1.30512193  0.20617394]
Tue, 10 May 2016 16:12:35 pathDLCM.py[line:23] INFO 2 492.jpg res:[ 0.26728211  1.73068523  0.36537088  1.36071301]
Tue, 10 May 2016 16:12:35 pathDLCM.py[line:23] INFO 2 369.jpg res:[ 0.09522663  2.75889736  0.53655239  0.37795769]
Tue, 10 May 2016 16:12:35 pathDLCM.py[line:23] INFO 2 1027.jpg res:[ 0.02053423  4.37403834  3.84993878  0.0754846 ]
Tue, 10 May 2016 16:12:35 pathDLCM.py[line:23] INFO 2 862.jpg res:[ 0.02925593  4.09571734  5.15498419  0.09669397]
Tue, 10 May 2016 16:12:35 pathDLCM.py[line:23] INFO 2 723.jpg res:[ 0.12740821  2.48635446  0.32473727  0.45787682]
Tue, 10 May 2016 16:12:35 pathDLCM.py[line:23] INFO 2 715.jpg res:[ 0.12703205  2.59780252  0.9919396   0.46483532]
Tue, 10 May 2016 16:12:35 pathDLCM.py[line:23] INFO 2 744.jpg res:[ 0.10575393  2.75840981  0.6295276   0.32550043]
Tue, 10 May 2016 16:12:36 pathDLCM.py[line:23] INFO 2 370.jpg res:[ 0.06373138  3.10122342  0.75920824  0.28979621]
Tue, 10 May 2016 16:12:36 pathDLCM.py[line:23] INFO 2 914.jpg res:[ 0.08478041  2.89587678  1.22997653  0.39813651]
Tue, 10 May 2016 16:12:36 pathDLCM.py[line:23] INFO 2 728.jpg res:[ 0.1730825   2.17739112  0.28435874  0.60641129]
Tue, 10 May 2016 16:12:36 pathDLCM.py[line:23] INFO 2 1024.jpg res:[ 0.04497846  3.62926513  2.07537496  0.16367651]
Tue, 10 May 2016 16:12:36 pathDLCM.py[line:23] INFO 2 865.jpg res:[ 0.03907121  3.89595098  3.83649628  0.11871715]
Tue, 10 May 2016 16:12:36 pathDLCM.py[line:23] INFO 2 493.jpg res:[ 0.20162037  1.95737234  0.3412917   1.19399808]
Tue, 10 May 2016 16:12:36 pathDLCM.py[line:23] INFO 2 578.jpg res:[ 0.03118803  3.98742247  4.90391287  0.10115667]
Tue, 10 May 2016 16:12:36 pathDLCM.py[line:23] INFO 2 200.jpg res:[ 0.13545601  2.39758936  0.47574227  0.69824839]
Tue, 10 May 2016 16:12:36 pathDLCM.py[line:23] INFO 2 918.jpg res:[ 0.05138754  3.39790912  1.87049791  0.25632877]
Tue, 10 May 2016 16:12:37 pathDLCM.py[line:23] INFO 2 309.jpg res:[ 0.27584     1.70016955  0.18324661  1.14919645]
Tue, 10 May 2016 16:12:37 pathDLCM.py[line:23] INFO 2 490.jpg res:[ 0.23472959  1.76316163  0.35205591  1.37627126]
Tue, 10 May 2016 16:12:37 pathDLCM.py[line:23] INFO 2 226.jpg res:[ 0.09522663  2.75889736  0.53655239  0.37795769]
Tue, 10 May 2016 16:12:37 pathDLCM.py[line:23] INFO 2 858.jpg res:[ 0.05222622  3.46329116  1.34277115  0.17048257]
Tue, 10 May 2016 16:12:37 pathDLCM.py[line:23] INFO 2 174.jpg res:[ 0.05744706  3.19720228  0.91051933  0.28001973]
Tue, 10 May 2016 16:12:37 pathDLCM.py[line:23] INFO 2 727.jpg res:[ 0.15898504  2.57959416  0.81754413  0.22442318]
Tue, 10 May 2016 16:12:37 pathDLCM.py[line:23] INFO 2 572.jpg res:[ 0.03459576  4.19882243  5.48028262  0.04646436]
Tue, 10 May 2016 16:12:37 pathDLCM.py[line:23] INFO 2 919.jpg res:[ 0.05320763  3.33797317  2.03466483  0.24552982]
Tue, 10 May 2016 16:12:37 pathDLCM.py[line:23] INFO 2 562.jpg res:[ 0.03158418  4.38686127  6.59419957  0.04036407]
Tue, 10 May 2016 16:12:38 pathDLCM.py[line:23] INFO 2 85.jpg res:[ 0.04958794  3.44590395  1.744975    0.25018423]
Tue, 10 May 2016 16:12:38 pathDLCM.py[line:23] INFO 2 228.jpg res:[ 0.05828912  3.20333434  0.85759106  0.26662154]
Tue, 10 May 2016 16:12:38 pathDLCM.py[line:23] INFO 2 730.jpg res:[ 0.06691273  3.21359748  0.79152637  0.18169202]
Tue, 10 May 2016 16:12:38 pathDLCM.py[line:23] INFO 2 367.jpg res:[ 0.28209392  1.77045799  0.24107234  1.28135127]
Tue, 10 May 2016 16:12:38 pathDLCM.py[line:23] INFO 2 177.jpg res:[ 0.02846309  3.87660995  1.65541781  0.10299175]
Tue, 10 May 2016 16:12:38 pathDLCM.py[line:23] INFO 2 229.jpg res:[ 0.06044311  3.10768541  0.71515662  0.28412984]
Tue, 10 May 2016 16:12:38 pathDLCM.py[line:23] INFO 2 852.jpg res:[ 0.11340253  3.04945741  1.28104275  0.15487034]
Tue, 10 May 2016 16:12:38 pathDLCM.py[line:23] INFO 2 201.jpg res:[ 0.13658211  2.4696191   0.46360065  0.59983489]
Tue, 10 May 2016 16:12:38 pathDLCM.py[line:23] INFO 2 1013.jpg res:[ 0.05993094  3.32437749  1.43518519  0.25326983]
Tue, 10 May 2016 16:12:39 pathDLCM.py[line:23] INFO 2 175.jpg res:[ 0.05514377  3.19430993  0.89539333  0.27881737]
Tue, 10 May 2016 16:12:39 pathDLCM.py[line:23] INFO 2 617.jpg res:[ 0.19011686  2.0811929   0.33478727  0.96341315]
Tue, 10 May 2016 16:12:39 pathDLCM.py[line:23] INFO 2 718.jpg res:[ 0.02892149  4.17608026  3.18865422  0.07873249]
Tue, 10 May 2016 16:12:39 pathDLCM.py[line:23] INFO 2 916.jpg res:[ 0.09875164  2.74327829  1.26487093  0.38119119]
Tue, 10 May 2016 16:12:39 pathDLCM.py[line:23] INFO 2 176.jpg res:[ 0.10007027  2.71007822  0.88251199  0.53031944]
Tue, 10 May 2016 16:12:39 pathDLCM.py[line:23] INFO 2 1020.jpg res:[ 0.04502758  3.61681297  1.51423324  0.14420679]
Tue, 10 May 2016 16:12:39 pathDLCM.py[line:23] INFO 2 855.jpg res:[ 0.13757218  2.68836606  1.1674574   0.28410536]
Tue, 10 May 2016 16:12:39 pathDLCM.py[line:23] INFO 2 716.jpg res:[ 0.07459013  3.13046791  1.47163555  0.27335142]
Tue, 10 May 2016 16:12:39 pathDLCM.py[line:23] INFO 2 80.jpg res:[ 0.0480692   3.39827841  0.99334252  0.22398907]
Tue, 10 May 2016 16:12:40 pathDLCM.py[line:23] INFO 2 720.jpg res:[ 0.04960051  3.59221899  1.20528517  0.07246394]
Tue, 10 May 2016 16:12:40 pathDLCM.py[line:23] INFO 2 404.jpg res:[ 0.10334186  2.97019663  1.22484951  0.30994835]
Tue, 10 May 2016 16:12:40 pathDLCM.py[line:23] INFO 2 792.jpg res:[ 0.0608415   3.10009145  0.42459953  0.14577426]
Tue, 10 May 2016 16:12:40 pathDLCM.py[line:23] INFO 2 563.jpg res:[ 0.08154264  3.97648048  6.25997347  0.04483278]
Tue, 10 May 2016 16:12:40 pathDLCM.py[line:23] INFO 2 310.jpg res:[ 0.26568631  1.63644548  0.20783594  1.59825276]
Tue, 10 May 2016 16:12:40 pathDLCM.py[line:23] INFO 2 204.jpg res:[ 0.1551904   2.26592446  0.33333333  0.73629519]
Tue, 10 May 2016 16:12:40 pathDLCM.py[line:23] INFO 2 864.jpg res:[ 0.02016532  4.36444804  5.07511989  0.08748417]
Tue, 10 May 2016 16:12:40 pathDLCM.py[line:23] INFO 2 356.jpg res:[ 0.14664255  2.30738674  0.3822059   0.68427334]
Tue, 10 May 2016 16:12:40 pathDLCM.py[line:23] INFO 2 1023.jpg res:[ 0.0413852   3.60220528  1.57476278  0.18285554]
Tue, 10 May 2016 16:12:41 pathDLCM.py[line:23] INFO 2 1025.jpg res:[ 0.02352627  4.06749378  2.44801551  0.10557098]
Tue, 10 May 2016 16:12:41 pathDLCM.py[line:23] INFO 2 722.jpg res:[ 0.07808296  3.13995056  0.7560453   0.18219993]
Tue, 10 May 2016 16:12:41 pathDLCM.py[line:23] INFO 2 725.jpg res:[ 0.17221772  2.36953615  0.56624324  0.49163533]
Tue, 10 May 2016 16:12:41 pathDLCM.py[line:23] INFO 2 729.jpg res:[ 0.02307496  4.14270889  1.75413223  0.05838011]
Tue, 10 May 2016 16:12:41 pathDLCM.py[line:23] INFO 2 1012.jpg res:[ 0.03856192  3.62077008  1.61659525  0.18495568]
Tue, 10 May 2016 16:12:41 pathDLCM.py[line:23] INFO 2 863.jpg res:[ 0.0231129   4.27974876  5.54211305  0.08818247]
Tue, 10 May 2016 16:12:41 pathDLCM.py[line:23] INFO 2 388.jpg res:[ 0.05732519  3.34108905  0.98446587  0.15532176]
Tue, 10 May 2016 16:12:41 pathDLCM.py[line:23] INFO 2 385.jpg res:[ 0.09292653  2.72068986  0.81795225  0.52546388]
Tue, 10 May 2016 16:12:41 pathDLCM.py[line:23] INFO 2 575.jpg res:[ 0.05612869  4.27662955  9.00252525  0.042013  ]
Tue, 10 May 2016 16:12:42 pathDLCM.py[line:23] INFO 2 368.jpg res:[ 0.08128914  2.83662633  0.56259565  0.39120926]
Tue, 10 May 2016 16:12:42 pathDLCM.py[line:23] INFO 2 386.jpg res:[ 0.08608805  2.99388156  0.84789817  0.22536169]
Tue, 10 May 2016 16:12:42 pathDLCM.py[line:23] INFO 2 403.jpg res:[ 0.07136001  3.35960711  1.47936435  0.19469945]
Tue, 10 May 2016 16:12:42 pathDLCM.py[line:23] INFO 2 306.jpg res:[ 0.52245068  1.09862048  0.14075094  3.09113276]
Tue, 10 May 2016 16:12:42 pathDLCM.py[line:23] INFO 2 260.jpg res:[ 0.0998142   2.59523818  0.52568615  0.58005288]
Tue, 10 May 2016 16:12:42 pathDLCM.py[line:23] INFO 2 305.jpg res:[ 0.54520018  1.07396255  0.13503724  3.15780856]
Tue, 10 May 2016 16:12:42 pathDLCM.py[line:23] INFO 2 721.jpg res:[ 0.06413338  3.23265042  0.92092644  0.25693679]
Tue, 10 May 2016 16:12:42 pathDLCM.py[line:23] INFO 2 917.jpg res:[ 0.08489079  2.86576246  1.37164575  0.35670395]
Tue, 10 May 2016 16:12:42 pathDLCM.py[line:23] INFO 2 79.jpg res:[ 0.03844053  3.60366496  1.25844302  0.16206135]
Tue, 10 May 2016 16:12:42 pathDLCM.py[line:23] INFO 2 861.jpg res:[ 0.02052992  4.38052258  7.04216406  0.0704007 ]
Tue, 10 May 2016 16:12:43 pathDLCM.py[line:23] INFO 2 577.jpg res:[ 0.03264851  4.0739924   6.06302928  0.07525185]
Tue, 10 May 2016 16:12:43 pathDLCM.py[line:23] INFO 2 1015.jpg res:[ 0.05558853  3.32433917  1.3818743   0.27881251]
Tue, 10 May 2016 16:12:43 pathDLCM.py[line:23] INFO 2 743.jpg res:[ 0.0609248   3.21750112  0.79083767  0.1705613 ]
Tue, 10 May 2016 16:12:43 pathDLCM.py[line:23] INFO 2 227.jpg res:[ 0.06373138  3.10122342  0.75920824  0.28979621]
Tue, 10 May 2016 16:12:43 pathDLCM.py[line:23] INFO 2 308.jpg res:[ 0.21529103  1.90441794  0.19742883  0.98645775]
Tue, 10 May 2016 16:12:43 pathDLCM.py[line:23] INFO 2 307.jpg res:[ 0.36172212  1.37456551  0.16546781  2.19302778]
Tue, 10 May 2016 16:12:43 pathDLCM.py[line:23] INFO 2 84.jpg res:[ 0.07150539  3.11409542  1.26183553  0.34017533]
Wed, 11 May 2016 17:08:04 pathDLCM.py[line:23] INFO 0 2533.jpg res:None
Wed, 11 May 2016 17:08:04 pathDLCM.py[line:23] INFO 0 1772.jpg res:None
Wed, 11 May 2016 17:08:04 pathDLCM.py[line:23] INFO 0 750.jpg res:None
Wed, 11 May 2016 17:08:04 pathDLCM.py[line:23] INFO 0 1605.jpg res:None
Wed, 11 May 2016 17:08:04 pathDLCM.py[line:23] INFO 0 2447.jpg res:None
Wed, 11 May 2016 17:08:04 pathDLCM.py[line:23] INFO 0 2542.jpg res:None
Wed, 11 May 2016 17:08:04 pathDLCM.py[line:23] INFO 0 96.jpg res:None
Wed, 11 May 2016 17:08:04 pathDLCM.py[line:23] INFO 0 2479.jpg res:None
Wed, 11 May 2016 17:08:04 pathDLCM.py[line:23] INFO 0 2556.jpg res:None
Wed, 11 May 2016 17:08:04 pathDLCM.py[line:23] INFO 0 1771.jpg res:None
Wed, 11 May 2016 17:08:04 pathDLCM.py[line:23] INFO 0 2539.jpg res:None
Wed, 11 May 2016 17:08:04 pathDLCM.py[line:23] INFO 0 122.jpg res:None
Wed, 11 May 2016 17:08:04 pathDLCM.py[line:23] INFO 0 1770.jpg res:None
Wed, 11 May 2016 17:08:04 pathDLCM.py[line:23] INFO 0 2606.jpg res:None
Wed, 11 May 2016 17:08:04 pathDLCM.py[line:23] INFO 0 192.jpg res:None
Wed, 11 May 2016 17:08:04 pathDLCM.py[line:23] INFO 0 2445.jpg res:None
Wed, 11 May 2016 17:08:04 pathDLCM.py[line:23] INFO 0 2545.jpg res:None
Wed, 11 May 2016 17:08:04 pathDLCM.py[line:23] INFO 0 746.jpg res:None
Wed, 11 May 2016 17:08:04 pathDLCM.py[line:23] INFO 0 1768.jpg res:None
Wed, 11 May 2016 17:08:04 pathDLCM.py[line:23] INFO 0 2559.jpg res:None
Wed, 11 May 2016 17:08:04 pathDLCM.py[line:23] INFO 0 2591.jpg res:None
Wed, 11 May 2016 17:08:04 pathDLCM.py[line:23] INFO 0 1800.jpg res:None
Wed, 11 May 2016 17:08:04 pathDLCM.py[line:23] INFO 0 2446.jpg res:None
Wed, 11 May 2016 17:08:04 pathDLCM.py[line:23] INFO 0 2595.jpg res:None
Wed, 11 May 2016 17:08:04 pathDLCM.py[line:23] INFO 0 2534.jpg res:None
Wed, 11 May 2016 17:08:04 pathDLCM.py[line:23] INFO 0 49.jpg res:None
Wed, 11 May 2016 17:08:04 pathDLCM.py[line:23] INFO 0 183.jpg res:None
Wed, 11 May 2016 17:08:04 pathDLCM.py[line:23] INFO 0 2569.jpg res:None
Wed, 11 May 2016 17:08:04 pathDLCM.py[line:23] INFO 0 1674.jpg res:None
Wed, 11 May 2016 17:08:04 pathDLCM.py[line:23] INFO 0 2541.jpg res:None
Wed, 11 May 2016 17:08:04 pathDLCM.py[line:23] INFO 0 1706.jpg res:None
Wed, 11 May 2016 17:08:04 pathDLCM.py[line:23] INFO 0 187.jpg res:None
Wed, 11 May 2016 17:08:04 pathDLCM.py[line:23] INFO 0 2607.jpg res:None
Wed, 11 May 2016 17:08:04 pathDLCM.py[line:23] INFO 0 31.jpg res:None
Wed, 11 May 2016 17:08:04 pathDLCM.py[line:23] INFO 0 2443.jpg res:None
Wed, 11 May 2016 17:08:04 pathDLCM.py[line:23] INFO 0 1773.jpg res:None
Wed, 11 May 2016 17:08:04 pathDLCM.py[line:23] INFO 0 2553.jpg res:None
Wed, 11 May 2016 17:08:04 pathDLCM.py[line:23] INFO 0 2477.jpg res:None
Wed, 11 May 2016 17:08:04 pathDLCM.py[line:23] INFO 0 2575.jpg res:None
Wed, 11 May 2016 17:08:04 pathDLCM.py[line:23] INFO 0 2594.jpg res:None
Wed, 11 May 2016 17:08:04 pathDLCM.py[line:23] INFO 0 2546.jpg res:None
Wed, 11 May 2016 17:08:04 pathDLCM.py[line:23] INFO 0 2601.jpg res:None
Wed, 11 May 2016 17:08:04 pathDLCM.py[line:23] INFO 0 1609.jpg res:None
Wed, 11 May 2016 17:08:04 pathDLCM.py[line:23] INFO 0 123.jpg res:None
Wed, 11 May 2016 17:08:04 pathDLCM.py[line:23] INFO 0 103.jpg res:None
Wed, 11 May 2016 17:08:04 pathDLCM.py[line:23] INFO 0 44.jpg res:None
Wed, 11 May 2016 17:08:04 pathDLCM.py[line:23] INFO 0 2475.jpg res:None
Wed, 11 May 2016 17:08:04 pathDLCM.py[line:23] INFO 0 2563.jpg res:None
Wed, 11 May 2016 17:08:04 pathDLCM.py[line:23] INFO 0 745.jpg res:None
Wed, 11 May 2016 17:08:04 pathDLCM.py[line:23] INFO 0 2600.jpg res:None
Wed, 11 May 2016 17:08:04 pathDLCM.py[line:23] INFO 0 2560.jpg res:None
Wed, 11 May 2016 17:08:04 pathDLCM.py[line:23] INFO 0 1767.jpg res:None
Wed, 11 May 2016 17:08:04 pathDLCM.py[line:23] INFO 0 2551.jpg res:None
Wed, 11 May 2016 17:08:04 pathDLCM.py[line:23] INFO 0 2472.jpg res:None
Wed, 11 May 2016 17:08:04 pathDLCM.py[line:23] INFO 0 32.jpg res:None
Wed, 11 May 2016 17:08:04 pathDLCM.py[line:23] INFO 0 1607.jpg res:None
Wed, 11 May 2016 17:08:04 pathDLCM.py[line:23] INFO 0 2571.jpg res:None
Wed, 11 May 2016 17:08:04 pathDLCM.py[line:23] INFO 0 2599.jpg res:None
Wed, 11 May 2016 17:08:04 pathDLCM.py[line:23] INFO 0 2596.jpg res:None
Wed, 11 May 2016 17:08:04 pathDLCM.py[line:23] INFO 0 2565.jpg res:None
Wed, 11 May 2016 17:08:04 pathDLCM.py[line:23] INFO 0 2561.jpg res:None
Wed, 11 May 2016 17:08:04 pathDLCM.py[line:23] INFO 0 2557.jpg res:None
Wed, 11 May 2016 17:08:04 pathDLCM.py[line:23] INFO 0 2558.jpg res:None
Wed, 11 May 2016 17:08:04 pathDLCM.py[line:23] INFO 0 174.jpg res:None
Wed, 11 May 2016 17:08:04 pathDLCM.py[line:23] INFO 0 173.jpg res:None
Wed, 11 May 2016 17:08:04 pathDLCM.py[line:23] INFO 0 2538.jpg res:None
Wed, 11 May 2016 17:08:04 pathDLCM.py[line:23] INFO 0 2471.jpg res:None
Wed, 11 May 2016 17:08:04 pathDLCM.py[line:23] INFO 0 2562.jpg res:None
Wed, 11 May 2016 17:08:04 pathDLCM.py[line:23] INFO 0 2478.jpg res:None
Wed, 11 May 2016 17:08:04 pathDLCM.py[line:23] INFO 0 2508.jpg res:None
Wed, 11 May 2016 17:08:04 pathDLCM.py[line:23] INFO 0 48.jpg res:None
Wed, 11 May 2016 17:08:04 pathDLCM.py[line:23] INFO 0 113.jpg res:None
Wed, 11 May 2016 17:08:04 pathDLCM.py[line:23] INFO 0 2568.jpg res:None
Wed, 11 May 2016 17:08:04 pathDLCM.py[line:23] INFO 0 2476.jpg res:None
Wed, 11 May 2016 17:08:04 pathDLCM.py[line:23] INFO 0 2536.jpg res:None
Wed, 11 May 2016 17:08:04 pathDLCM.py[line:23] INFO 0 747.jpg res:None
Wed, 11 May 2016 17:08:04 pathDLCM.py[line:23] INFO 0 1766.jpg res:None
Wed, 11 May 2016 17:08:04 pathDLCM.py[line:23] INFO 0 2552.jpg res:None
Wed, 11 May 2016 17:08:04 pathDLCM.py[line:23] INFO 0 2593.jpg res:None
Wed, 11 May 2016 17:08:04 pathDLCM.py[line:23] INFO 0 43.jpg res:None
Wed, 11 May 2016 17:08:04 pathDLCM.py[line:23] INFO 0 2470.jpg res:None
Wed, 11 May 2016 17:08:04 pathDLCM.py[line:23] INFO 0 2554.jpg res:None
Wed, 11 May 2016 17:08:04 pathDLCM.py[line:23] INFO 0 2544.jpg res:None
Wed, 11 May 2016 17:08:04 pathDLCM.py[line:23] INFO 0 2604.jpg res:None
Wed, 11 May 2016 17:08:04 pathDLCM.py[line:23] INFO 0 2602.jpg res:None
Wed, 11 May 2016 17:08:04 pathDLCM.py[line:23] INFO 0 1807.jpg res:None
Wed, 11 May 2016 17:08:04 pathDLCM.py[line:23] INFO 0 2574.jpg res:None
Wed, 11 May 2016 17:08:04 pathDLCM.py[line:23] INFO 0 2548.jpg res:None
Wed, 11 May 2016 17:08:04 pathDLCM.py[line:23] INFO 0 2597.jpg res:None
Wed, 11 May 2016 17:08:04 pathDLCM.py[line:23] INFO 0 2510.jpg res:None
Wed, 11 May 2016 17:08:04 pathDLCM.py[line:23] INFO 0 2509.jpg res:None
Wed, 11 May 2016 17:08:04 pathDLCM.py[line:23] INFO 0 2566.jpg res:None
Wed, 11 May 2016 17:08:04 pathDLCM.py[line:23] INFO 0 2605.jpg res:None
Wed, 11 May 2016 17:08:04 pathDLCM.py[line:23] INFO 0 80.jpg res:None
Wed, 11 May 2016 17:08:04 pathDLCM.py[line:23] INFO 0 186.jpg res:None
Wed, 11 May 2016 17:08:04 pathDLCM.py[line:23] INFO 0 2537.jpg res:None
Wed, 11 May 2016 17:08:04 pathDLCM.py[line:23] INFO 0 1765.jpg res:None
Wed, 11 May 2016 17:08:04 pathDLCM.py[line:23] INFO 0 1606.jpg res:None
Wed, 11 May 2016 17:08:04 pathDLCM.py[line:23] INFO 0 2549.jpg res:None
Wed, 11 May 2016 17:08:04 pathDLCM.py[line:23] INFO 0 2592.jpg res:None
Wed, 11 May 2016 17:08:04 pathDLCM.py[line:23] INFO 0 2543.jpg res:None
Wed, 11 May 2016 17:08:04 pathDLCM.py[line:23] INFO 0 1808.jpg res:None
Wed, 11 May 2016 17:08:04 pathDLCM.py[line:23] INFO 0 2572.jpg res:None
Wed, 11 May 2016 17:08:04 pathDLCM.py[line:23] INFO 0 2511.jpg res:None
Wed, 11 May 2016 17:08:04 pathDLCM.py[line:23] INFO 0 1806.jpg res:None
Wed, 11 May 2016 17:08:04 pathDLCM.py[line:23] INFO 0 1815.jpg res:None
Wed, 11 May 2016 17:08:04 pathDLCM.py[line:23] INFO 0 2550.jpg res:None
Wed, 11 May 2016 17:08:04 pathDLCM.py[line:23] INFO 0 1149.jpg res:None
Wed, 11 May 2016 17:08:04 pathDLCM.py[line:23] INFO 0 2473.jpg res:None
Wed, 11 May 2016 17:08:04 pathDLCM.py[line:23] INFO 0 1608.jpg res:None
Wed, 11 May 2016 17:08:04 pathDLCM.py[line:23] INFO 0 2573.jpg res:None
Wed, 11 May 2016 17:08:04 pathDLCM.py[line:23] INFO 0 2567.jpg res:None
Wed, 11 May 2016 17:08:04 pathDLCM.py[line:23] INFO 0 2442.jpg res:None
Wed, 11 May 2016 17:08:04 pathDLCM.py[line:23] INFO 0 1814.jpg res:None
Wed, 11 May 2016 17:08:04 pathDLCM.py[line:23] INFO 0 2444.jpg res:None
Wed, 11 May 2016 17:08:04 pathDLCM.py[line:23] INFO 0 98.jpg res:None
Wed, 11 May 2016 17:08:04 pathDLCM.py[line:23] INFO 0 92.jpg res:None
Wed, 11 May 2016 17:08:04 pathDLCM.py[line:23] INFO 0 97.jpg res:None
Wed, 11 May 2016 17:08:04 pathDLCM.py[line:23] INFO 0 60.jpg res:None
Wed, 11 May 2016 17:08:04 pathDLCM.py[line:23] INFO 0 2535.jpg res:None
Wed, 11 May 2016 17:08:04 pathDLCM.py[line:23] INFO 0 2598.jpg res:None
Wed, 11 May 2016 17:08:04 pathDLCM.py[line:23] INFO 0 2603.jpg res:None
Wed, 11 May 2016 17:08:04 pathDLCM.py[line:23] INFO 0 2570.jpg res:None
Wed, 11 May 2016 17:08:04 pathDLCM.py[line:23] INFO 0 2547.jpg res:None
Wed, 11 May 2016 17:08:04 pathDLCM.py[line:23] INFO 0 2540.jpg res:None
Wed, 11 May 2016 17:08:04 pathDLCM.py[line:23] INFO 0 1509.jpg res:None
Wed, 11 May 2016 17:08:04 pathDLCM.py[line:23] INFO 0 1675.jpg res:None
Wed, 11 May 2016 17:08:04 pathDLCM.py[line:23] INFO 0 2555.jpg res:None
Wed, 11 May 2016 17:08:04 pathDLCM.py[line:23] INFO 0 2474.jpg res:None
Wed, 11 May 2016 17:08:04 pathDLCM.py[line:23] INFO 0 2564.jpg res:None
Wed, 11 May 2016 17:08:04 pathDLCM.py[line:23] INFO 0 749.jpg res:None
Wed, 11 May 2016 17:08:04 pathDLCM.py[line:23] INFO 0 748.jpg res:None
Wed, 11 May 2016 17:08:04 pathDLCM.py[line:23] INFO 0 72.jpg res:None
Wed, 11 May 2016 17:08:04 pathDLCM.py[line:23] INFO 0 84.jpg res:None
Wed, 11 May 2016 17:08:31 pathDLCM.py[line:23] INFO 2 915.jpg res:None
Wed, 11 May 2016 17:08:31 pathDLCM.py[line:23] INFO 2 86.jpg res:None
Wed, 11 May 2016 17:08:31 pathDLCM.py[line:23] INFO 2 366.jpg res:None
Wed, 11 May 2016 17:08:31 pathDLCM.py[line:23] INFO 2 387.jpg res:None
Wed, 11 May 2016 17:08:31 pathDLCM.py[line:23] INFO 2 576.jpg res:None
Wed, 11 May 2016 17:08:31 pathDLCM.py[line:23] INFO 2 402.jpg res:None
Wed, 11 May 2016 17:08:31 pathDLCM.py[line:23] INFO 2 1019.jpg res:None
Wed, 11 May 2016 17:08:31 pathDLCM.py[line:23] INFO 2 726.jpg res:None
Wed, 11 May 2016 17:08:31 pathDLCM.py[line:23] INFO 2 389.jpg res:None
Wed, 11 May 2016 17:08:31 pathDLCM.py[line:23] INFO 2 1017.jpg res:None
Wed, 11 May 2016 17:08:31 pathDLCM.py[line:23] INFO 2 353.jpg res:None
Wed, 11 May 2016 17:08:31 pathDLCM.py[line:23] INFO 2 719.jpg res:None
Wed, 11 May 2016 17:08:31 pathDLCM.py[line:23] INFO 2 311.jpg res:None
Wed, 11 May 2016 17:08:31 pathDLCM.py[line:23] INFO 2 626.jpg res:None
Wed, 11 May 2016 17:08:31 pathDLCM.py[line:23] INFO 2 400.jpg res:None
Wed, 11 May 2016 17:08:31 pathDLCM.py[line:23] INFO 2 921.jpg res:None
Wed, 11 May 2016 17:08:31 pathDLCM.py[line:23] INFO 2 565.jpg res:None
Wed, 11 May 2016 17:08:31 pathDLCM.py[line:23] INFO 2 1011.jpg res:None
Wed, 11 May 2016 17:08:31 pathDLCM.py[line:23] INFO 2 363.jpg res:None
Wed, 11 May 2016 17:08:31 pathDLCM.py[line:23] INFO 2 724.jpg res:None
Wed, 11 May 2016 17:08:31 pathDLCM.py[line:23] INFO 2 850.jpg res:None
Wed, 11 May 2016 17:08:31 pathDLCM.py[line:23] INFO 2 1395.jpg res:None
Wed, 11 May 2016 17:08:31 pathDLCM.py[line:23] INFO 2 1394.jpg res:None
Wed, 11 May 2016 17:08:31 pathDLCM.py[line:23] INFO 2 564.jpg res:None
Wed, 11 May 2016 17:08:31 pathDLCM.py[line:23] INFO 2 1018.jpg res:None
Wed, 11 May 2016 17:08:31 pathDLCM.py[line:23] INFO 2 352.jpg res:None
Wed, 11 May 2016 17:08:31 pathDLCM.py[line:23] INFO 2 574.jpg res:None
Wed, 11 May 2016 17:08:31 pathDLCM.py[line:23] INFO 2 573.jpg res:None
Wed, 11 May 2016 17:08:31 pathDLCM.py[line:23] INFO 2 854.jpg res:None
Wed, 11 May 2016 17:08:31 pathDLCM.py[line:23] INFO 2 1022.jpg res:None
Wed, 11 May 2016 17:08:31 pathDLCM.py[line:23] INFO 2 859.jpg res:None
Wed, 11 May 2016 17:08:31 pathDLCM.py[line:23] INFO 2 1021.jpg res:None
Wed, 11 May 2016 17:08:31 pathDLCM.py[line:23] INFO 2 1014.jpg res:None
Wed, 11 May 2016 17:08:31 pathDLCM.py[line:23] INFO 2 81.jpg res:None
Wed, 11 May 2016 17:08:31 pathDLCM.py[line:23] INFO 2 491.jpg res:None
Wed, 11 May 2016 17:08:31 pathDLCM.py[line:23] INFO 2 371.jpg res:None
Wed, 11 May 2016 17:08:31 pathDLCM.py[line:23] INFO 2 853.jpg res:None
Wed, 11 May 2016 17:08:31 pathDLCM.py[line:23] INFO 2 489.jpg res:None
Wed, 11 May 2016 17:08:31 pathDLCM.py[line:23] INFO 2 1016.jpg res:None
Wed, 11 May 2016 17:08:31 pathDLCM.py[line:23] INFO 2 793.jpg res:None
Wed, 11 May 2016 17:08:31 pathDLCM.py[line:23] INFO 2 794.jpg res:None
Wed, 11 May 2016 17:08:31 pathDLCM.py[line:23] INFO 2 494.jpg res:None
Wed, 11 May 2016 17:08:31 pathDLCM.py[line:23] INFO 2 860.jpg res:None
Wed, 11 May 2016 17:08:31 pathDLCM.py[line:23] INFO 2 1396.jpg res:None
Wed, 11 May 2016 17:08:31 pathDLCM.py[line:23] INFO 2 1010.jpg res:None
Wed, 11 May 2016 17:08:31 pathDLCM.py[line:23] INFO 2 372.jpg res:None
Wed, 11 May 2016 17:08:31 pathDLCM.py[line:23] INFO 2 851.jpg res:None
Wed, 11 May 2016 17:08:31 pathDLCM.py[line:23] INFO 2 857.jpg res:None
Wed, 11 May 2016 17:08:31 pathDLCM.py[line:23] INFO 2 83.jpg res:None
Wed, 11 May 2016 17:08:31 pathDLCM.py[line:23] INFO 2 492.jpg res:None
Wed, 11 May 2016 17:08:31 pathDLCM.py[line:23] INFO 2 369.jpg res:None
Wed, 11 May 2016 17:08:31 pathDLCM.py[line:23] INFO 2 1027.jpg res:None
Wed, 11 May 2016 17:08:31 pathDLCM.py[line:23] INFO 2 862.jpg res:None
Wed, 11 May 2016 17:08:31 pathDLCM.py[line:23] INFO 2 723.jpg res:None
Wed, 11 May 2016 17:08:31 pathDLCM.py[line:23] INFO 2 715.jpg res:None
Wed, 11 May 2016 17:08:31 pathDLCM.py[line:23] INFO 2 744.jpg res:None
Wed, 11 May 2016 17:08:31 pathDLCM.py[line:23] INFO 2 370.jpg res:None
Wed, 11 May 2016 17:08:31 pathDLCM.py[line:23] INFO 2 914.jpg res:None
Wed, 11 May 2016 17:08:31 pathDLCM.py[line:23] INFO 2 728.jpg res:None
Wed, 11 May 2016 17:08:31 pathDLCM.py[line:23] INFO 2 1024.jpg res:None
Wed, 11 May 2016 17:08:31 pathDLCM.py[line:23] INFO 2 865.jpg res:None
Wed, 11 May 2016 17:08:31 pathDLCM.py[line:23] INFO 2 493.jpg res:None
Wed, 11 May 2016 17:08:31 pathDLCM.py[line:23] INFO 2 578.jpg res:None
Wed, 11 May 2016 17:08:31 pathDLCM.py[line:23] INFO 2 200.jpg res:None
Wed, 11 May 2016 17:08:31 pathDLCM.py[line:23] INFO 2 918.jpg res:None
Wed, 11 May 2016 17:08:31 pathDLCM.py[line:23] INFO 2 309.jpg res:None
Wed, 11 May 2016 17:08:31 pathDLCM.py[line:23] INFO 2 490.jpg res:None
Wed, 11 May 2016 17:08:31 pathDLCM.py[line:23] INFO 2 226.jpg res:None
Wed, 11 May 2016 17:08:31 pathDLCM.py[line:23] INFO 2 858.jpg res:None
Wed, 11 May 2016 17:08:31 pathDLCM.py[line:23] INFO 2 174.jpg res:None
Wed, 11 May 2016 17:08:31 pathDLCM.py[line:23] INFO 2 727.jpg res:None
Wed, 11 May 2016 17:08:31 pathDLCM.py[line:23] INFO 2 572.jpg res:None
Wed, 11 May 2016 17:08:31 pathDLCM.py[line:23] INFO 2 919.jpg res:None
Wed, 11 May 2016 17:08:31 pathDLCM.py[line:23] INFO 2 562.jpg res:None
Wed, 11 May 2016 17:08:31 pathDLCM.py[line:23] INFO 2 85.jpg res:None
Wed, 11 May 2016 17:08:31 pathDLCM.py[line:23] INFO 2 228.jpg res:None
Wed, 11 May 2016 17:08:31 pathDLCM.py[line:23] INFO 2 730.jpg res:None
Wed, 11 May 2016 17:08:31 pathDLCM.py[line:23] INFO 2 367.jpg res:None
Wed, 11 May 2016 17:08:31 pathDLCM.py[line:23] INFO 2 177.jpg res:None
Wed, 11 May 2016 17:08:31 pathDLCM.py[line:23] INFO 2 229.jpg res:None
Wed, 11 May 2016 17:08:31 pathDLCM.py[line:23] INFO 2 852.jpg res:None
Wed, 11 May 2016 17:08:31 pathDLCM.py[line:23] INFO 2 201.jpg res:None
Wed, 11 May 2016 17:08:31 pathDLCM.py[line:23] INFO 2 1013.jpg res:None
Wed, 11 May 2016 17:08:31 pathDLCM.py[line:23] INFO 2 175.jpg res:None
Wed, 11 May 2016 17:08:31 pathDLCM.py[line:23] INFO 2 617.jpg res:None
Wed, 11 May 2016 17:08:31 pathDLCM.py[line:23] INFO 2 718.jpg res:None
Wed, 11 May 2016 17:08:31 pathDLCM.py[line:23] INFO 2 916.jpg res:None
Wed, 11 May 2016 17:08:31 pathDLCM.py[line:23] INFO 2 176.jpg res:None
Wed, 11 May 2016 17:08:31 pathDLCM.py[line:23] INFO 2 1020.jpg res:None
Wed, 11 May 2016 17:08:31 pathDLCM.py[line:23] INFO 2 855.jpg res:None
Wed, 11 May 2016 17:08:31 pathDLCM.py[line:23] INFO 2 716.jpg res:None
Wed, 11 May 2016 17:08:31 pathDLCM.py[line:23] INFO 2 80.jpg res:None
Wed, 11 May 2016 17:08:31 pathDLCM.py[line:23] INFO 2 720.jpg res:None
Wed, 11 May 2016 17:08:31 pathDLCM.py[line:23] INFO 2 404.jpg res:None
Wed, 11 May 2016 17:08:31 pathDLCM.py[line:23] INFO 2 792.jpg res:None
Wed, 11 May 2016 17:08:31 pathDLCM.py[line:23] INFO 2 563.jpg res:None
Wed, 11 May 2016 17:08:31 pathDLCM.py[line:23] INFO 2 310.jpg res:None
Wed, 11 May 2016 17:08:31 pathDLCM.py[line:23] INFO 2 204.jpg res:None
Wed, 11 May 2016 17:08:31 pathDLCM.py[line:23] INFO 2 864.jpg res:None
Wed, 11 May 2016 17:08:31 pathDLCM.py[line:23] INFO 2 356.jpg res:None
Wed, 11 May 2016 17:08:31 pathDLCM.py[line:23] INFO 2 1023.jpg res:None
Wed, 11 May 2016 17:08:31 pathDLCM.py[line:23] INFO 2 1025.jpg res:None
Wed, 11 May 2016 17:08:31 pathDLCM.py[line:23] INFO 2 722.jpg res:None
Wed, 11 May 2016 17:08:31 pathDLCM.py[line:23] INFO 2 725.jpg res:None
Wed, 11 May 2016 17:08:31 pathDLCM.py[line:23] INFO 2 729.jpg res:None
Wed, 11 May 2016 17:08:31 pathDLCM.py[line:23] INFO 2 1012.jpg res:None
Wed, 11 May 2016 17:08:31 pathDLCM.py[line:23] INFO 2 863.jpg res:None
Wed, 11 May 2016 17:08:31 pathDLCM.py[line:23] INFO 2 388.jpg res:None
Wed, 11 May 2016 17:08:31 pathDLCM.py[line:23] INFO 2 385.jpg res:None
Wed, 11 May 2016 17:08:31 pathDLCM.py[line:23] INFO 2 575.jpg res:None
Wed, 11 May 2016 17:08:31 pathDLCM.py[line:23] INFO 2 368.jpg res:None
Wed, 11 May 2016 17:08:31 pathDLCM.py[line:23] INFO 2 386.jpg res:None
Wed, 11 May 2016 17:08:31 pathDLCM.py[line:23] INFO 2 403.jpg res:None
Wed, 11 May 2016 17:08:31 pathDLCM.py[line:23] INFO 2 306.jpg res:None
Wed, 11 May 2016 17:08:31 pathDLCM.py[line:23] INFO 2 260.jpg res:None
Wed, 11 May 2016 17:08:31 pathDLCM.py[line:23] INFO 2 305.jpg res:None
Wed, 11 May 2016 17:08:31 pathDLCM.py[line:23] INFO 2 721.jpg res:None
Wed, 11 May 2016 17:08:31 pathDLCM.py[line:23] INFO 2 917.jpg res:None
Wed, 11 May 2016 17:08:31 pathDLCM.py[line:23] INFO 2 79.jpg res:None
Wed, 11 May 2016 17:08:31 pathDLCM.py[line:23] INFO 2 861.jpg res:None
Wed, 11 May 2016 17:08:31 pathDLCM.py[line:23] INFO 2 577.jpg res:None
Wed, 11 May 2016 17:08:31 pathDLCM.py[line:23] INFO 2 1015.jpg res:None
Wed, 11 May 2016 17:08:31 pathDLCM.py[line:23] INFO 2 743.jpg res:None
Wed, 11 May 2016 17:08:31 pathDLCM.py[line:23] INFO 2 227.jpg res:None
Wed, 11 May 2016 17:08:31 pathDLCM.py[line:23] INFO 2 308.jpg res:None
Wed, 11 May 2016 17:08:31 pathDLCM.py[line:23] INFO 2 307.jpg res:None
Wed, 11 May 2016 17:08:31 pathDLCM.py[line:23] INFO 2 84.jpg res:None
Wed, 11 May 2016 18:22:58 pathDLCM.py[line:23] INFO 0 2533.jpg res:[ 0.59144909  0.79477092  0.06925314  4.55312144]
Wed, 11 May 2016 18:22:59 pathDLCM.py[line:23] INFO 0 1772.jpg res:[  9.79933648e-01   7.08231946e-02   1.19630650e-02   3.39729077e+01]
Wed, 11 May 2016 18:22:59 pathDLCM.py[line:23] INFO 0 750.jpg res:[ 1.  0.  0.  0.]
Wed, 11 May 2016 18:23:00 pathDLCM.py[line:23] INFO 0 1605.jpg res:[ 1.  0.  0.  0.]
Wed, 11 May 2016 18:23:00 pathDLCM.py[line:23] INFO 0 2447.jpg res:[ 0.41285112  1.26910555  0.14077645  2.46341023]
Wed, 11 May 2016 18:23:01 pathDLCM.py[line:23] INFO 0 2542.jpg res:[  9.91960788e-01   3.18717942e-02   3.41801857e-03   1.13535102e+02]
Wed, 11 May 2016 18:23:01 pathDLCM.py[line:23] INFO 0 96.jpg res:[ 0.60526319  0.73872012  0.04402612  4.6228866 ]
Wed, 11 May 2016 18:23:02 pathDLCM.py[line:23] INFO 0 2479.jpg res:[ 0.79916026  0.52354186  0.05180594  8.38884073]
Wed, 11 May 2016 18:23:02 pathDLCM.py[line:23] INFO 0 2556.jpg res:[ 0.7005304   0.65926394  0.07585961  5.75515683]
Wed, 11 May 2016 18:23:03 pathDLCM.py[line:23] INFO 0 1771.jpg res:[  9.93282363e-01   2.56170108e-02   2.90786654e-03   1.23197490e+02]
Wed, 11 May 2016 18:23:03 pathDLCM.py[line:23] INFO 0 2539.jpg res:[  0.90861429   0.24137871   0.02902765  17.12067035]
Wed, 11 May 2016 18:23:04 pathDLCM.py[line:23] INFO 0 122.jpg res:[  0.91594706   0.24257248   0.01867156  15.09482667]
Wed, 11 May 2016 18:23:04 pathDLCM.py[line:23] INFO 0 1770.jpg res:[  0.98304886   0.06624441   0.0255076   14.97131428]
Wed, 11 May 2016 18:23:05 pathDLCM.py[line:23] INFO 0 2606.jpg res:[ 1.  0.  0.  0.]
Wed, 11 May 2016 18:23:05 pathDLCM.py[line:23] INFO 0 192.jpg res:[ 1.  0.  0.  0.]
Wed, 11 May 2016 18:23:06 pathDLCM.py[line:23] INFO 0 2445.jpg res:[ 0.33962976  1.36178755  0.1167738   2.0603597 ]
Wed, 11 May 2016 18:23:06 pathDLCM.py[line:23] INFO 0 2545.jpg res:[ 0.38459997  1.26537136  0.10027038  1.78469889]
Wed, 11 May 2016 18:23:07 pathDLCM.py[line:23] INFO 0 746.jpg res:[ 1.  0.  0.  0.]
Wed, 11 May 2016 18:23:07 pathDLCM.py[line:23] INFO 0 1768.jpg res:[  9.98929114e-01   4.93963206e-03   5.35659627e-04  -1.00053589e+00]
Wed, 11 May 2016 18:23:08 pathDLCM.py[line:23] INFO 0 2559.jpg res:[ 0.76640307  0.52043004  0.04996939  7.79978771]
Wed, 11 May 2016 18:23:08 pathDLCM.py[line:23] INFO 0 2591.jpg res:[ 0.51354135  0.85394053  0.06514641  3.97120617]
Wed, 11 May 2016 18:23:09 pathDLCM.py[line:23] INFO 0 1800.jpg res:[ 0.77261608  0.50145606  0.05848893  7.66531467]
Wed, 11 May 2016 18:23:09 pathDLCM.py[line:23] INFO 0 2446.jpg res:[ 0.36531515  1.31287212  0.12720641  2.26345954]
Wed, 11 May 2016 18:23:10 pathDLCM.py[line:23] INFO 0 2595.jpg res:[ 0.78881377  0.49255916  0.03976635  8.72753369]
Wed, 11 May 2016 18:23:10 pathDLCM.py[line:23] INFO 0 2534.jpg res:[  0.84899279   0.38350051   0.0446383   10.78697906]
Wed, 11 May 2016 18:23:11 pathDLCM.py[line:23] INFO 0 49.jpg res:[ 0.49757479  0.884178    0.07045199  3.81253603]
Wed, 11 May 2016 18:23:11 pathDLCM.py[line:23] INFO 0 183.jpg res:[  9.94653179e-01   2.13855144e-02   1.68350168e-03   2.95020142e+02]
Wed, 11 May 2016 18:23:12 pathDLCM.py[line:23] INFO 0 2569.jpg res:[ 0.73882649  0.56643723  0.07756862  6.22581648]
Wed, 11 May 2016 18:23:12 pathDLCM.py[line:23] INFO 0 1674.jpg res:[  9.57624383e-01   1.23455861e-01   8.18794001e-03   4.44289820e+01]
Wed, 11 May 2016 18:23:13 pathDLCM.py[line:23] INFO 0 2541.jpg res:[  9.85586469e-01   4.96507712e-02   6.52994592e-03   4.44596312e+01]
Wed, 11 May 2016 18:23:13 pathDLCM.py[line:23] INFO 0 1706.jpg res:[  9.85624094e-01   5.68283679e-02   8.36649321e-03   5.75926173e+01]
Wed, 11 May 2016 18:23:13 pathDLCM.py[line:23] INFO 2 915.jpg res:[ 0.69764907  0.64966914  0.13330272  3.10604548]
Wed, 11 May 2016 18:23:14 pathDLCM.py[line:23] INFO 0 187.jpg res:[  0.90236441   0.26862409   0.0197939   14.25146472]
Wed, 11 May 2016 18:23:14 pathDLCM.py[line:23] INFO 2 86.jpg res:[ 0.33365733  1.3423174   0.25821345  1.93506396]
Wed, 11 May 2016 18:23:14 pathDLCM.py[line:23] INFO 0 2607.jpg res:[  9.91404024e-01   3.22389818e-02   3.46903377e-03   1.26922853e+02]
Wed, 11 May 2016 18:23:15 pathDLCM.py[line:23] INFO 2 366.jpg res:[ 0.80762902  0.50296734  0.0530048   8.60070841]
Wed, 11 May 2016 18:23:15 pathDLCM.py[line:23] INFO 0 31.jpg res:[ 0.69775871  0.72416341  0.05978982  2.85721109]
Wed, 11 May 2016 18:23:15 pathDLCM.py[line:23] INFO 2 387.jpg res:[ 0.49340835  1.16570902  0.15347924  2.7310752 ]
Wed, 11 May 2016 18:23:15 pathDLCM.py[line:23] INFO 0 2443.jpg res:[ 0.29177972  1.57337869  0.15238241  1.56636275]
Wed, 11 May 2016 18:23:16 pathDLCM.py[line:23] INFO 2 576.jpg res:[ 0.19241565  2.10931587  0.60835629  0.75559679]
Wed, 11 May 2016 18:23:16 pathDLCM.py[line:23] INFO 0 1773.jpg res:[ 0.78907695  0.53543017  0.09680135  5.09882497]
Wed, 11 May 2016 18:23:16 pathDLCM.py[line:23] INFO 2 402.jpg res:[ 0.33033301  1.3574694   0.17467605  2.17112038]
Wed, 11 May 2016 18:23:17 pathDLCM.py[line:23] INFO 0 2553.jpg res:[ 0.50141307  0.91273376  0.08772064  3.74222928]
Wed, 11 May 2016 18:23:17 pathDLCM.py[line:23] INFO 2 1019.jpg res:[ 0.27246782  1.68685885  0.21865116  1.47816517]
Wed, 11 May 2016 18:23:17 pathDLCM.py[line:23] INFO 0 2477.jpg res:[ 0.36155245  1.29754849  0.1043516   2.22060078]
Wed, 11 May 2016 18:23:18 pathDLCM.py[line:23] INFO 2 726.jpg res:[ 0.32923267  1.51287763  0.16965106  1.31084513]
Wed, 11 May 2016 18:23:18 pathDLCM.py[line:23] INFO 0 2575.jpg res:[ 1.  0.  0.  0.]
Wed, 11 May 2016 18:23:18 pathDLCM.py[line:23] INFO 0 2594.jpg res:[ 0.52883373  1.01829804  0.08009387  3.39660132]
Wed, 11 May 2016 18:23:18 pathDLCM.py[line:23] INFO 2 389.jpg res:[ 0.44467531  1.16154139  0.233216    2.11696236]
Wed, 11 May 2016 18:23:19 pathDLCM.py[line:23] INFO 0 2546.jpg res:[  9.91503384e-01   3.39217353e-02   3.82614019e-03   7.86448822e+01]
Wed, 11 May 2016 18:23:19 pathDLCM.py[line:23] INFO 2 1017.jpg res:[ 0.36314619  1.33085624  0.18906234  2.28172382]
Wed, 11 May 2016 18:23:19 pathDLCM.py[line:23] INFO 0 2601.jpg res:[  9.87152747e-01   4.48665122e-02   5.91776349e-03   4.29762075e+01]
Wed, 11 May 2016 18:23:19 pathDLCM.py[line:23] INFO 2 353.jpg res:[ 0.37071928  1.13223307  0.15807061  2.72400713]
Wed, 11 May 2016 18:23:20 pathDLCM.py[line:23] INFO 0 1609.jpg res:[ 1.  0.  0.  0.]
Wed, 11 May 2016 18:23:20 pathDLCM.py[line:23] INFO 2 719.jpg res:[ 0.74344902  0.59194404  0.08552699  5.80961393]
Wed, 11 May 2016 18:23:20 pathDLCM.py[line:23] INFO 0 123.jpg res:[  9.98929087e-01   5.07805148e-03   4.59136823e-04   8.16249617e+02]
Wed, 11 May 2016 18:23:21 pathDLCM.py[line:23] INFO 2 311.jpg res:[  9.92010387e-01   3.23612606e-02   3.31598816e-03   1.24965404e+02]
Wed, 11 May 2016 18:23:21 pathDLCM.py[line:23] INFO 0 103.jpg res:[  0.96248801   0.14163943   0.03499643  11.13179632]
Wed, 11 May 2016 18:23:21 pathDLCM.py[line:23] INFO 2 626.jpg res:[ 0.36261295  1.27926576  0.23949087  2.08298223]
Wed, 11 May 2016 18:23:21 pathDLCM.py[line:23] INFO 0 44.jpg res:[ 0.40467559  1.34737194  0.10766758  1.78182349]
Wed, 11 May 2016 18:23:22 pathDLCM.py[line:23] INFO 2 400.jpg res:[ 0.36369909  1.31958966  0.15779002  2.02617919]
Wed, 11 May 2016 18:23:22 pathDLCM.py[line:23] INFO 0 2475.jpg res:[ 0.37653997  1.30593517  0.13123661  2.32419235]
Wed, 11 May 2016 18:23:22 pathDLCM.py[line:23] INFO 2 921.jpg res:[ 0.74625782  0.55875864  0.11363636  3.38515633]
Wed, 11 May 2016 18:23:23 pathDLCM.py[line:23] INFO 0 2563.jpg res:[ 0.76588595  0.59607494  0.06389654  6.95256317]
Wed, 11 May 2016 18:23:23 pathDLCM.py[line:23] INFO 2 565.jpg res:[ 0.16554482  2.15199103  0.56675339  0.72580932]
Wed, 11 May 2016 18:23:23 pathDLCM.py[line:23] INFO 0 745.jpg res:[  9.98062720e-01   8.70458670e-03   7.39720437e-04   6.35774536e+02]
Wed, 11 May 2016 18:23:24 pathDLCM.py[line:23] INFO 2 1011.jpg res:[ 0.35563568  1.4045776   0.20732578  2.10442431]
Wed, 11 May 2016 18:23:24 pathDLCM.py[line:23] INFO 0 2600.jpg res:[  0.90959219   0.23593139   0.02196204  19.76234268]
Wed, 11 May 2016 18:23:24 pathDLCM.py[line:23] INFO 0 2560.jpg res:[ 0.69286666  0.62469358  0.05522396  6.10971698]
Wed, 11 May 2016 18:23:24 pathDLCM.py[line:23] INFO 2 363.jpg res:[ 0.43094158  1.10521004  0.14419447  2.92525045]
Wed, 11 May 2016 18:23:25 pathDLCM.py[line:23] INFO 0 1767.jpg res:[ 0.91064759  0.30539575  0.08728701  4.69534342]
Wed, 11 May 2016 18:23:25 pathDLCM.py[line:23] INFO 2 724.jpg res:[ 0.43756155  1.00361873  0.0979747   3.2827539 ]
Wed, 11 May 2016 18:23:25 pathDLCM.py[line:23] INFO 0 2551.jpg res:[ 0.6680025   0.61707984  0.03346597  5.9194989 ]
Wed, 11 May 2016 18:23:25 pathDLCM.py[line:23] INFO 2 850.jpg res:[ 0.43646844  1.21827245  0.15095398  2.1099221 ]
Wed, 11 May 2016 18:23:26 pathDLCM.py[line:23] INFO 0 2472.jpg res:[ 0.44074828  1.19835849  0.10825426  2.66542983]
Wed, 11 May 2016 18:23:26 pathDLCM.py[line:23] INFO 2 1395.jpg res:[ 0.66935872  0.72522094  0.11503928  4.26450768]
Wed, 11 May 2016 18:23:26 pathDLCM.py[line:23] INFO 0 32.jpg res:[ 0.67903995  0.71497785  0.05280073  3.54281986]
Wed, 11 May 2016 18:23:26 pathDLCM.py[line:23] INFO 2 1394.jpg res:[ 0.55526385  0.91251426  0.11868687  3.51204314]
Wed, 11 May 2016 18:23:27 pathDLCM.py[line:23] INFO 0 1607.jpg res:[  0.81739222   0.37794387   0.01545761  10.84218518]
Wed, 11 May 2016 18:23:27 pathDLCM.py[line:23] INFO 2 564.jpg res:[ 0.25809821  1.86252495  0.62172227  0.61657794]
Wed, 11 May 2016 18:23:27 pathDLCM.py[line:23] INFO 0 2571.jpg res:[  9.64030462e-01   1.09875383e-01   1.47433935e-02   2.90917636e+01]
Wed, 11 May 2016 18:23:28 pathDLCM.py[line:23] INFO 2 1018.jpg res:[ 0.30236872  1.47373975  0.2177839   1.782778  ]
Wed, 11 May 2016 18:23:28 pathDLCM.py[line:23] INFO 0 2599.jpg res:[  0.82679664   0.40137682   0.04313335  10.19641785]
Wed, 11 May 2016 18:23:28 pathDLCM.py[line:23] INFO 2 352.jpg res:[ 0.36698782  1.13738938  0.16064687  2.69974416]
Wed, 11 May 2016 18:23:28 pathDLCM.py[line:23] INFO 0 2596.jpg res:[ 0.78183689  0.53542809  0.03843996  8.2280544 ]
Wed, 11 May 2016 18:23:29 pathDLCM.py[line:23] INFO 2 574.jpg res:[ 0.29743253  1.81160324  0.61613611  0.70616748]
Wed, 11 May 2016 18:23:29 pathDLCM.py[line:23] INFO 0 2565.jpg res:[ 0.67233362  0.6964229   0.06759514  5.51878586]
Wed, 11 May 2016 18:23:29 pathDLCM.py[line:23] INFO 2 573.jpg res:[ 0.55880442  1.06816584  0.22303847  2.04285097]
Wed, 11 May 2016 18:23:29 pathDLCM.py[line:23] INFO 0 2561.jpg res:[ 0.78616584  0.5391565   0.05808081  7.76415329]
Wed, 11 May 2016 18:23:30 pathDLCM.py[line:23] INFO 2 854.jpg res:[ 0.67076691  0.7576326   0.09550046  4.02177876]
Wed, 11 May 2016 18:23:30 pathDLCM.py[line:23] INFO 0 2557.jpg res:[ 0.52848857  0.91851971  0.10641771  3.749353  ]
Wed, 11 May 2016 18:23:31 pathDLCM.py[line:23] INFO 0 2558.jpg res:[ 0.64458263  0.70546143  0.06858994  5.21919116]
Wed, 11 May 2016 18:23:31 pathDLCM.py[line:23] INFO 2 1022.jpg res:[ 0.23876295  1.79266363  0.27336496  1.39355852]
Wed, 11 May 2016 18:23:31 pathDLCM.py[line:23] INFO 0 174.jpg res:[  0.83997708   0.36983035   0.03216509  11.6556989 ]
Wed, 11 May 2016 18:23:31 pathDLCM.py[line:23] INFO 2 859.jpg res:[ 0.20972961  1.85171945  0.48839404  1.02161339]
Wed, 11 May 2016 18:23:32 pathDLCM.py[line:23] INFO 0 173.jpg res:[ 0.57136031  0.91901123  0.07004387  2.39215116]
Wed, 11 May 2016 18:23:32 pathDLCM.py[line:23] INFO 2 1021.jpg res:[ 0.25322698  1.75596594  0.26290685  1.42461362]
Wed, 11 May 2016 18:23:32 pathDLCM.py[line:23] INFO 0 2538.jpg res:[  0.88456749   0.29168403   0.03425671  14.20106449]
Wed, 11 May 2016 18:23:32 pathDLCM.py[line:23] INFO 2 1014.jpg res:[ 0.72861714  0.68399918  0.09274564  5.34639147]
Wed, 11 May 2016 18:23:33 pathDLCM.py[line:23] INFO 0 2471.jpg res:[ 0.43275789  1.19836354  0.10164779  2.61373423]
Wed, 11 May 2016 18:23:33 pathDLCM.py[line:23] INFO 2 81.jpg res:[ 0.33631559  1.33066599  0.21112642  2.19946329]
Wed, 11 May 2016 18:23:33 pathDLCM.py[line:23] INFO 0 2562.jpg res:[  0.85953073   0.38888388   0.04634731  10.74856011]
Wed, 11 May 2016 18:23:33 pathDLCM.py[line:23] INFO 2 491.jpg res:[  0.95379517   0.13383959   0.02063565  15.86282482]
Wed, 11 May 2016 18:23:34 pathDLCM.py[line:23] INFO 0 2478.jpg res:[ 0.55140213  0.98243589  0.07534945  3.58857575]
Wed, 11 May 2016 18:23:34 pathDLCM.py[line:23] INFO 2 371.jpg res:[ 0.40442976  1.1403428   0.13723089  2.83457503]
Wed, 11 May 2016 18:23:34 pathDLCM.py[line:23] INFO 0 2508.jpg res:[ 0.75607161  0.55856091  0.04392409  7.50022467]
Wed, 11 May 2016 18:23:35 pathDLCM.py[line:23] INFO 2 853.jpg res:[ 0.58266378  0.87818981  0.0936384   3.56770957]
Wed, 11 May 2016 18:23:35 pathDLCM.py[line:23] INFO 0 48.jpg res:[ 0.47185245  0.91701926  0.06958474  3.64050205]
Wed, 11 May 2016 18:23:35 pathDLCM.py[line:23] INFO 2 489.jpg res:[ 0.50522883  0.94701118  0.15131109  3.20100038]
Wed, 11 May 2016 18:23:35 pathDLCM.py[line:23] INFO 0 113.jpg res:[ 0.90148629  0.29519281  0.0295378   3.13543833]
Wed, 11 May 2016 18:23:36 pathDLCM.py[line:23] INFO 2 1016.jpg res:[ 0.32108177  1.46886668  0.20681563  1.96685331]
Wed, 11 May 2016 18:23:36 pathDLCM.py[line:23] INFO 0 2568.jpg res:[ 0.53401599  0.89128397  0.12340577  3.6601429 ]
Wed, 11 May 2016 18:23:36 pathDLCM.py[line:23] INFO 2 793.jpg res:[ 0.4205609   1.16665391  0.0745077   2.57742852]
Wed, 11 May 2016 18:23:36 pathDLCM.py[line:23] INFO 0 2476.jpg res:[ 0.37831544  1.283088    0.11233548  2.33558879]
Wed, 11 May 2016 18:23:37 pathDLCM.py[line:23] INFO 2 794.jpg res:[ 0.6503598   0.72409939  0.03953678  5.18948013]
Wed, 11 May 2016 18:23:37 pathDLCM.py[line:23] INFO 0 2536.jpg res:[ 0.75408539  0.60098368  0.05787675  6.95159668]
Wed, 11 May 2016 18:23:37 pathDLCM.py[line:23] INFO 0 747.jpg res:[ 1.  0.  0.  0.]
Wed, 11 May 2016 18:23:38 pathDLCM.py[line:23] INFO 2 494.jpg res:[ 0.39815443  1.0559994   0.12141618  3.04709861]
Wed, 11 May 2016 18:23:38 pathDLCM.py[line:23] INFO 0 1766.jpg res:[  9.84418834e-01   5.75978491e-02   9.66738088e-03   4.61885224e+01]
Wed, 11 May 2016 18:23:38 pathDLCM.py[line:23] INFO 2 860.jpg res:[ 0.11144451  2.43257275  0.90801959  0.54629242]
Wed, 11 May 2016 18:23:39 pathDLCM.py[line:23] INFO 0 2552.jpg res:[ 0.53364052  0.8615568   0.08147128  4.02223966]
Wed, 11 May 2016 18:23:39 pathDLCM.py[line:23] INFO 2 1396.jpg res:[ 0.47488014  1.19572574  0.20054076  1.92021385]
Wed, 11 May 2016 18:23:39 pathDLCM.py[line:23] INFO 0 2593.jpg res:[  0.9078925    0.27206167   0.02999694  16.56646409]
Wed, 11 May 2016 18:23:39 pathDLCM.py[line:23] INFO 2 1010.jpg res:[ 0.2538437   1.69216129  0.25038261  1.55520427]
Wed, 11 May 2016 18:23:40 pathDLCM.py[line:23] INFO 0 43.jpg res:[ 0.35593446  1.27285714  0.07040098  1.93878882]
Wed, 11 May 2016 18:23:40 pathDLCM.py[line:23] INFO 2 372.jpg res:[ 0.4044984   1.21641297  0.13582798  2.61478271]
Wed, 11 May 2016 18:23:40 pathDLCM.py[line:23] INFO 0 2470.jpg res:[ 0.46388658  1.13599518  0.09583206  2.85378604]
Wed, 11 May 2016 18:23:40 pathDLCM.py[line:23] INFO 2 851.jpg res:[ 0.73424733  0.63069419  0.0922865   5.04480949]
Wed, 11 May 2016 18:23:41 pathDLCM.py[line:23] INFO 0 2554.jpg res:[ 0.61457976  0.72487767  0.04479135  4.97582493]
Wed, 11 May 2016 18:23:41 pathDLCM.py[line:23] INFO 2 857.jpg res:[ 0.43476582  1.28892163  0.15016325  1.6952845 ]
Wed, 11 May 2016 18:23:41 pathDLCM.py[line:23] INFO 0 2544.jpg res:[ 0.59204489  0.8824044   0.05272421  2.52595046]
Wed, 11 May 2016 18:23:42 pathDLCM.py[line:23] INFO 2 83.jpg res:[ 0.46597158  1.23243944  0.16641159  2.46664767]
Wed, 11 May 2016 18:23:42 pathDLCM.py[line:23] INFO 0 2604.jpg res:[  9.57251746e-01   1.22985445e-01   6.98908275e-03   4.49480075e+01]
Wed, 11 May 2016 18:23:42 pathDLCM.py[line:23] INFO 2 492.jpg res:[  9.91097534e-01   3.51068921e-02   4.15773901e-03   5.48990594e+01]
Wed, 11 May 2016 18:23:42 pathDLCM.py[line:23] INFO 0 2602.jpg res:[  9.92469842e-01   2.84918193e-02   3.26497296e-03   1.10595875e+02]
Wed, 11 May 2016 18:23:43 pathDLCM.py[line:23] INFO 2 369.jpg res:[ 0.35085268  1.30204243  0.14717886  2.33300471]
Wed, 11 May 2016 18:23:43 pathDLCM.py[line:23] INFO 0 1807.jpg res:[ 0.7267527   0.61353595  0.10952964  4.50330153]
Wed, 11 May 2016 18:23:43 pathDLCM.py[line:23] INFO 0 2574.jpg res:[  9.93940777e-01   2.51448380e-02   2.19365371e-03   2.23922177e+02]
Wed, 11 May 2016 18:23:43 pathDLCM.py[line:23] INFO 2 1027.jpg res:[ 0.19986759  1.98034601  0.35817774  1.05897129]
Wed, 11 May 2016 18:23:44 pathDLCM.py[line:23] INFO 0 2548.jpg res:[  0.93357186   0.20643872   0.02377308  20.91968591]
Wed, 11 May 2016 18:23:44 pathDLCM.py[line:23] INFO 2 862.jpg res:[ 0.22536402  1.83483437  0.50492297  0.96178792]
Wed, 11 May 2016 18:23:44 pathDLCM.py[line:23] INFO 0 2597.jpg res:[  0.81597717   0.41097539   0.03451178  10.2275085 ]
Wed, 11 May 2016 18:23:44 pathDLCM.py[line:23] INFO 2 723.jpg res:[ 0.55511742  0.9150483   0.08374145  3.92846476]
Wed, 11 May 2016 18:23:45 pathDLCM.py[line:23] INFO 0 2510.jpg res:[  9.42987896e-01   1.82216349e-01   2.14263851e-02   2.26274204e+01]
Wed, 11 May 2016 18:23:45 pathDLCM.py[line:23] INFO 2 715.jpg res:[ 0.79728996  0.53805967  0.08978676  5.01129683]
Wed, 11 May 2016 18:23:45 pathDLCM.py[line:23] INFO 0 2509.jpg res:[ 0.79730478  0.52650333  0.05629528  8.11106193]
Wed, 11 May 2016 18:23:46 pathDLCM.py[line:23] INFO 2 744.jpg res:[ 0.65416176  0.83126279  0.10988675  4.28871314]
Wed, 11 May 2016 18:23:46 pathDLCM.py[line:23] INFO 0 2566.jpg res:[ 0.51162252  0.91221053  0.1137639   3.64483619]
Wed, 11 May 2016 18:23:46 pathDLCM.py[line:23] INFO 2 370.jpg res:[ 0.38072685  1.27925341  0.14878584  2.41113195]
Wed, 11 May 2016 18:23:46 pathDLCM.py[line:23] INFO 0 2605.jpg res:[  0.8967122    0.25700512   0.0191307   18.29716003]
Wed, 11 May 2016 18:23:47 pathDLCM.py[line:23] INFO 2 914.jpg res:[ 0.38195783  1.14821822  0.21469748  2.32303165]
Wed, 11 May 2016 18:23:47 pathDLCM.py[line:23] INFO 0 80.jpg res:[ 0.46507521  1.09970976  0.06027446  1.515256  ]
Wed, 11 May 2016 18:23:47 pathDLCM.py[line:23] INFO 2 728.jpg res:[ 0.4691509   0.87950631  0.04042955  3.6343982 ]
Wed, 11 May 2016 18:23:48 pathDLCM.py[line:23] INFO 0 186.jpg res:[ 0.78475238  0.4979325   0.03384859  6.84348897]
Wed, 11 May 2016 18:23:48 pathDLCM.py[line:23] INFO 2 1024.jpg res:[ 0.39248976  1.32430722  0.22263034  2.01110467]
Wed, 11 May 2016 18:23:48 pathDLCM.py[line:23] INFO 0 2537.jpg res:[ 0.83237914  0.40567946  0.05119376  9.54296622]
Wed, 11 May 2016 18:23:49 pathDLCM.py[line:23] INFO 2 865.jpg res:[ 0.22922881  1.81413898  0.40860626  1.19728223]
Wed, 11 May 2016 18:23:49 pathDLCM.py[line:23] INFO 0 1765.jpg res:[ 0.90854158  0.26578509  0.05180594  9.27559663]
Wed, 11 May 2016 18:23:49 pathDLCM.py[line:23] INFO 0 1606.jpg res:[ 1.  0.  0.  0.]
Wed, 11 May 2016 18:23:49 pathDLCM.py[line:23] INFO 2 493.jpg res:[ 0.75433857  0.53976484  0.07534945  6.50107038]
Wed, 11 May 2016 18:23:50 pathDLCM.py[line:23] INFO 0 2549.jpg res:[  9.68310466e-01   1.01828306e-01   8.97867565e-03   5.34432380e+01]
Wed, 11 May 2016 18:23:50 pathDLCM.py[line:23] INFO 2 578.jpg res:[ 0.30827372  1.66093198  0.44191919  1.07381947]
Wed, 11 May 2016 18:23:50 pathDLCM.py[line:23] INFO 0 2592.jpg res:[  0.89094686   0.28171207   0.02104377  17.13430719]
Wed, 11 May 2016 18:23:50 pathDLCM.py[line:23] INFO 2 200.jpg res:[ 0.65016393  0.73909497  0.08823079  4.92867248]
Wed, 11 May 2016 18:23:51 pathDLCM.py[line:23] INFO 0 2543.jpg res:[  9.94297910e-01   2.23246641e-02   2.39771452e-03   1.66369991e+02]
Wed, 11 May 2016 18:23:51 pathDLCM.py[line:23] INFO 2 918.jpg res:[ 0.55518878  1.0140026   0.20520865  2.22376066]
Wed, 11 May 2016 18:23:51 pathDLCM.py[line:23] INFO 0 1808.jpg res:[  0.933064     0.18658322   0.0298694   13.20227872]
Wed, 11 May 2016 18:23:51 pathDLCM.py[line:23] INFO 2 309.jpg res:[  9.24641270e-01   1.98471665e-01   1.38251199e-02   2.51421599e+01]
Wed, 11 May 2016 18:23:52 pathDLCM.py[line:23] INFO 0 2572.jpg res:[  9.91100249e-01   3.30100796e-02   3.82614019e-03   9.75067985e+01]
Wed, 11 May 2016 18:23:52 pathDLCM.py[line:23] INFO 2 490.jpg res:[ 0.69198737  0.65179901  0.11585552  4.24125328]
Wed, 11 May 2016 18:23:52 pathDLCM.py[line:23] INFO 0 2511.jpg res:[ 0.77579288  0.45542605  0.02313539  8.77032708]
Wed, 11 May 2016 18:23:53 pathDLCM.py[line:23] INFO 2 226.jpg res:[ 0.35085268  1.30204243  0.14717886  2.33300471]
Wed, 11 May 2016 18:23:53 pathDLCM.py[line:23] INFO 0 1806.jpg res:[ 0.35634385  1.2853501   0.21201918  2.2004459 ]
Wed, 11 May 2016 18:23:53 pathDLCM.py[line:23] INFO 2 858.jpg res:[ 0.28670445  1.51229645  0.21076931  1.77039511]
Wed, 11 May 2016 18:23:53 pathDLCM.py[line:23] INFO 0 1815.jpg res:[ 0.78166811  0.56874024  0.08300173  5.982257  ]
Wed, 11 May 2016 18:23:54 pathDLCM.py[line:23] INFO 2 174.jpg res:[ 0.55957954  1.01159131  0.11840629  3.4994253 ]
Wed, 11 May 2016 18:23:54 pathDLCM.py[line:23] INFO 0 2550.jpg res:[  0.82405258   0.38215684   0.02257423  11.08815194]
Wed, 11 May 2016 18:23:54 pathDLCM.py[line:23] INFO 2 727.jpg res:[ 0.37611369  1.27515787  0.10815223  1.94375791]
Wed, 11 May 2016 18:23:54 pathDLCM.py[line:23] INFO 0 1149.jpg res:[ 0.49268553  0.97873951  0.03231813  2.15202182]
Wed, 11 May 2016 18:23:55 pathDLCM.py[line:23] INFO 0 2473.jpg res:[ 0.40407659  1.25519581  0.12118661  2.46235166]
Wed, 11 May 2016 18:23:55 pathDLCM.py[line:23] INFO 2 572.jpg res:[ 0.23552438  1.86623386  0.39598     0.85984203]
Wed, 11 May 2016 18:23:55 pathDLCM.py[line:23] INFO 0 1608.jpg res:[  9.58497462e-01   1.19179124e-01   6.32588511e-03   4.64562640e+01]
Wed, 11 May 2016 18:23:56 pathDLCM.py[line:23] INFO 2 919.jpg res:[ 0.66587614  0.798281    0.15421896  2.78252205]
Wed, 11 May 2016 18:23:56 pathDLCM.py[line:23] INFO 0 2573.jpg res:[  9.86291917e-01   4.93368025e-02   4.99948985e-03   1.03377269e+02]
Wed, 11 May 2016 18:23:56 pathDLCM.py[line:23] INFO 2 562.jpg res:[ 0.17578388  2.10568713  0.51017753  0.69698307]
Wed, 11 May 2016 18:23:57 pathDLCM.py[line:23] INFO 0 2567.jpg res:[ 0.47564409  0.97877135  0.13883787  3.24508448]
Wed, 11 May 2016 18:23:57 pathDLCM.py[line:23] INFO 2 85.jpg res:[ 0.39452201  1.30728672  0.24492399  2.0414844 ]
Wed, 11 May 2016 18:23:57 pathDLCM.py[line:23] INFO 0 2442.jpg res:[ 0.25557157  1.59783838  0.13679727  1.34661929]
Wed, 11 May 2016 18:23:57 pathDLCM.py[line:23] INFO 2 228.jpg res:[ 0.40442976  1.1403428   0.13723089  2.83457503]
Wed, 11 May 2016 18:23:58 pathDLCM.py[line:23] INFO 0 1814.jpg res:[ 0.55198109  1.00442582  0.14442404  3.29961878]
Wed, 11 May 2016 18:23:58 pathDLCM.py[line:23] INFO 2 730.jpg res:[ 0.31635108  1.45377447  0.1396031   1.77565164]
Wed, 11 May 2016 18:23:58 pathDLCM.py[line:23] INFO 0 2444.jpg res:[ 0.32333881  1.48676441  0.12340577  1.73485973]
Wed, 11 May 2016 18:23:58 pathDLCM.py[line:23] INFO 2 367.jpg res:[  0.81611441   0.42130282   0.03869503  10.01013024]
Wed, 11 May 2016 18:23:59 pathDLCM.py[line:23] INFO 0 98.jpg res:[  9.95517575e-01   1.82831365e-02   1.22436486e-03   3.83101357e+02]
Wed, 11 May 2016 18:23:59 pathDLCM.py[line:23] INFO 2 177.jpg res:[ 0.27372616  1.52156629  0.1694725   1.66625151]
Wed, 11 May 2016 18:23:59 pathDLCM.py[line:23] INFO 0 92.jpg res:[ 0.39274873  1.17285064  0.04417917  1.52164092]
Wed, 11 May 2016 18:24:00 pathDLCM.py[line:23] INFO 2 229.jpg res:[ 0.4044984   1.21641297  0.13582798  2.61478271]
Wed, 11 May 2016 18:24:00 pathDLCM.py[line:23] INFO 0 97.jpg res:[  9.56147852e-01   1.25485525e-01   6.01979390e-03   4.24102304e+01]
Wed, 11 May 2016 18:24:00 pathDLCM.py[line:23] INFO 2 852.jpg res:[ 0.48437146  1.04651695  0.12613509  2.9203082 ]
Wed, 11 May 2016 18:24:00 pathDLCM.py[line:23] INFO 0 60.jpg res:[ 0.6295898   0.70110869  0.05076013  5.1231172 ]
Wed, 11 May 2016 18:24:01 pathDLCM.py[line:23] INFO 2 201.jpg res:[ 0.79711928  0.49347079  0.06586063  7.5491815 ]
Wed, 11 May 2016 18:24:01 pathDLCM.py[line:23] INFO 0 2535.jpg res:[ 0.8188438   0.47176759  0.05984083  8.29329833]
Wed, 11 May 2016 18:24:01 pathDLCM.py[line:23] INFO 2 1013.jpg res:[ 0.50577772  1.11484827  0.16781451  2.86331678]
Wed, 11 May 2016 18:24:01 pathDLCM.py[line:23] INFO 0 2598.jpg res:[ 0.73967938  0.52927792  0.03905214  7.40212856]
Wed, 11 May 2016 18:24:02 pathDLCM.py[line:23] INFO 0 2603.jpg res:[ 1.  0.  0.  0.]
Wed, 11 May 2016 18:24:02 pathDLCM.py[line:23] INFO 2 175.jpg res:[ 0.42289002  1.23845793  0.17590042  2.50826631]
Wed, 11 May 2016 18:24:02 pathDLCM.py[line:23] INFO 0 2570.jpg res:[  0.86359007   0.3358703    0.04706152  10.61739167]
Wed, 11 May 2016 18:24:02 pathDLCM.py[line:23] INFO 2 617.jpg res:[  0.94280874   0.18135329   0.02293133  20.00363092]
Wed, 11 May 2016 18:24:03 pathDLCM.py[line:23] INFO 0 2547.jpg res:[  9.87353289e-01   4.48482605e-02   5.30558106e-03   7.54617393e+01]
Wed, 11 May 2016 18:24:03 pathDLCM.py[line:23] INFO 2 718.jpg res:[ 0.23013457  1.86301474  0.27907867  1.13855573]
Wed, 11 May 2016 18:24:03 pathDLCM.py[line:23] INFO 0 2540.jpg res:[  0.94092726   0.16771186   0.02219161  21.73834401]
Wed, 11 May 2016 18:24:03 pathDLCM.py[line:23] INFO 2 916.jpg res:[ 0.598125    0.84473796  0.17493113  2.55566315]
Wed, 11 May 2016 18:24:04 pathDLCM.py[line:23] INFO 0 1509.jpg res:[ 1.  0.  0.  0.]
Wed, 11 May 2016 18:24:04 pathDLCM.py[line:23] INFO 2 176.jpg res:[ 0.3316336   1.24475449  0.22666054  2.18393579]
Wed, 11 May 2016 18:24:04 pathDLCM.py[line:23] INFO 0 1675.jpg res:[  9.87606222e-01   4.42017178e-02   4.41281502e-03   1.11965660e+02]
Wed, 11 May 2016 18:24:05 pathDLCM.py[line:23] INFO 2 1020.jpg res:[ 0.28798143  1.62986679  0.20179063  1.57261104]
Wed, 11 May 2016 18:24:05 pathDLCM.py[line:23] INFO 0 2555.jpg res:[ 0.65978989  0.67731456  0.04887256  5.57445092]
Wed, 11 May 2016 18:24:05 pathDLCM.py[line:23] INFO 2 855.jpg res:[ 0.72549181  0.63102766  0.08935313  5.08378132]
Wed, 11 May 2016 18:24:05 pathDLCM.py[line:23] INFO 0 2474.jpg res:[ 0.36962591  1.30687029  0.14003673  2.34067941]
Wed, 11 May 2016 18:24:06 pathDLCM.py[line:23] INFO 2 716.jpg res:[ 0.58386427  1.024278    0.16215182  2.9896834 ]
Wed, 11 May 2016 18:24:06 pathDLCM.py[line:23] INFO 0 2564.jpg res:[ 0.6852842   0.71217906  0.07027344  5.50896643]
Wed, 11 May 2016 18:24:06 pathDLCM.py[line:23] INFO 2 80.jpg res:[ 0.47937284  1.18218816  0.15472911  2.77880745]
Wed, 11 May 2016 18:24:06 pathDLCM.py[line:23] INFO 0 749.jpg res:[  9.99184007e-01   3.87588549e-03   4.08121620e-04  -1.00040819e+00]
Wed, 11 May 2016 18:24:07 pathDLCM.py[line:23] INFO 2 720.jpg res:[ 0.25095489  1.58600634  0.16159065  1.45290524]
Wed, 11 May 2016 18:24:07 pathDLCM.py[line:23] INFO 0 748.jpg res:[ 1.  0.  0.  0.]
Wed, 11 May 2016 18:24:08 pathDLCM.py[line:23] INFO 2 404.jpg res:[ 0.27897262  1.51013101  0.28083869  1.73924736]
Wed, 11 May 2016 18:24:08 pathDLCM.py[line:23] INFO 0 72.jpg res:[ 0.70635598  0.60224091  0.05412713  6.29344906]
Wed, 11 May 2016 18:24:08 pathDLCM.py[line:23] INFO 2 792.jpg res:[ 0.41733177  1.10192113  0.06165187  2.67135971]
Wed, 11 May 2016 18:24:08 pathDLCM.py[line:23] INFO 0 84.jpg res:[  0.85015827   0.35037433   0.02331395  12.22136502]
Wed, 11 May 2016 18:24:09 pathDLCM.py[line:23] INFO 2 563.jpg res:[ 0.25120869  1.80228837  0.40789205  0.89151194]
Wed, 11 May 2016 18:24:09 pathDLCM.py[line:23] INFO 2 310.jpg res:[  9.98470418e-01   6.84281218e-03   7.14212835e-04   3.05530586e+02]
Wed, 11 May 2016 18:24:10 pathDLCM.py[line:23] INFO 2 204.jpg res:[ 0.66912492  0.69180679  0.08626671  5.15606164]
Wed, 11 May 2016 18:24:10 pathDLCM.py[line:23] INFO 2 864.jpg res:[ 0.17723069  2.04270178  0.49852056  0.9845216 ]
Wed, 11 May 2016 18:24:11 pathDLCM.py[line:23] INFO 2 356.jpg res:[ 0.42466735  1.02475944  0.11950311  3.16616284]
Wed, 11 May 2016 18:24:11 pathDLCM.py[line:23] INFO 2 1023.jpg res:[ 0.3355378   1.44087716  0.20857566  1.97986823]
Wed, 11 May 2016 18:24:12 pathDLCM.py[line:23] INFO 2 1025.jpg res:[ 0.23361769  1.70811263  0.26709009  1.41173394]
Wed, 11 May 2016 18:24:12 pathDLCM.py[line:23] INFO 2 722.jpg res:[ 0.52624509  1.00642445  0.09970921  3.49098205]
Wed, 11 May 2016 18:24:13 pathDLCM.py[line:23] INFO 2 725.jpg res:[ 0.36604382  1.23693111  0.13873584  2.47789135]
Wed, 11 May 2016 18:24:13 pathDLCM.py[line:23] INFO 2 729.jpg res:[ 0.18588632  1.9311765   0.2154372   0.92159561]
Wed, 11 May 2016 18:24:14 pathDLCM.py[line:23] INFO 2 1012.jpg res:[ 0.34353348  1.44687907  0.20755535  2.02014205]
Wed, 11 May 2016 18:24:15 pathDLCM.py[line:23] INFO 2 863.jpg res:[ 0.19638023  1.95246244  0.51038159  0.97914914]
Wed, 11 May 2016 18:24:15 pathDLCM.py[line:23] INFO 2 388.jpg res:[ 0.40298034  1.38650804  0.17513519  1.97455965]
Wed, 11 May 2016 18:24:16 pathDLCM.py[line:23] INFO 2 385.jpg res:[ 0.79938113  0.51521199  0.08404755  5.40705556]
Wed, 11 May 2016 18:24:16 pathDLCM.py[line:23] INFO 2 575.jpg res:[ 0.19875685  2.0317665   0.59720947  0.73929724]
Wed, 11 May 2016 18:24:17 pathDLCM.py[line:23] INFO 2 368.jpg res:[ 0.43357973  1.11131019  0.11516682  2.97333535]
Wed, 11 May 2016 18:24:17 pathDLCM.py[line:23] INFO 2 386.jpg res:[ 0.5368734   1.08884532  0.14358229  2.90798954]
Wed, 11 May 2016 18:24:18 pathDLCM.py[line:23] INFO 2 403.jpg res:[ 0.28151217  1.57903552  0.25494847  1.68431208]
Wed, 11 May 2016 18:24:18 pathDLCM.py[line:23] INFO 2 306.jpg res:[  9.98827160e-01   5.40304859e-03   5.61167228e-04   2.71416131e+02]
Wed, 11 May 2016 18:24:19 pathDLCM.py[line:23] INFO 2 260.jpg res:[ 0.74207455  0.59235533  0.08177737  6.02556344]
Wed, 11 May 2016 18:24:19 pathDLCM.py[line:23] INFO 2 305.jpg res:[ 1.  0.  0.  0.]
Wed, 11 May 2016 18:24:20 pathDLCM.py[line:23] INFO 2 721.jpg res:[ 0.50849598  1.10461109  0.13238445  3.05838884]
Wed, 11 May 2016 18:24:20 pathDLCM.py[line:23] INFO 2 917.jpg res:[ 0.53503059  0.95943631  0.21158555  2.02472502]
Wed, 11 May 2016 18:24:21 pathDLCM.py[line:23] INFO 2 79.jpg res:[ 0.40284078  1.30479396  0.17332415  2.37274065]
Wed, 11 May 2016 18:24:21 pathDLCM.py[line:23] INFO 2 861.jpg res:[ 0.21454172  1.95686196  0.61968167  0.73360193]
Wed, 11 May 2016 18:24:22 pathDLCM.py[line:23] INFO 2 577.jpg res:[ 0.37471826  1.56195494  0.46431487  0.87814478]
Wed, 11 May 2016 18:24:23 pathDLCM.py[line:23] INFO 2 1015.jpg res:[ 0.50996359  1.1243881   0.17059484  2.824431  ]
Wed, 11 May 2016 18:24:23 pathDLCM.py[line:23] INFO 2 743.jpg res:[ 0.3220537   1.41879013  0.14557188  1.62006208]
Wed, 11 May 2016 18:24:24 pathDLCM.py[line:23] INFO 2 227.jpg res:[ 0.38072685  1.27925341  0.14878584  2.41113195]
Wed, 11 May 2016 18:24:24 pathDLCM.py[line:23] INFO 2 308.jpg res:[  9.45043958e-01   1.60376715e-01   1.51515152e-02   3.10455773e+01]
Wed, 11 May 2016 18:24:25 pathDLCM.py[line:23] INFO 2 307.jpg res:[  9.97859048e-01   9.33474809e-03   9.18273646e-04   4.07874234e+02]
Wed, 11 May 2016 18:24:25 pathDLCM.py[line:23] INFO 2 84.jpg res:[ 0.63934476  0.86443505  0.15021426  3.249454  ]
