Sun, 08 May 2016 10:55:07 r.py[line:23] INFO 0 186.jpeg res:[ 0.62617922  1.29331863  1.10815537  0.19145246  0.78526211]
Sun, 08 May 2016 10:55:11 r.py[line:23] INFO 0 402.jpeg res:[ 0.5443756   1.45891058  1.01002038  0.26366967  0.76619416]
Sun, 08 May 2016 10:55:25 r.py[line:23] INFO 0 187.jpeg res:[  9.99983311e-01   1.17664764e-04   2.08942311e-05  -3.60002697e-01
   9.99993742e-01]
Sun, 08 May 2016 10:55:37 r.py[line:23] INFO 0 288.jpeg res:[ 0.34625539  2.26369095  1.54125917  0.0483382   0.59900099]
Sun, 08 May 2016 10:55:48 r.py[line:23] INFO 0 37.jpeg res:[ 0.69408154  0.97449386  0.95156378  0.22891699  0.8425588 ]
Sun, 08 May 2016 10:56:05 r.py[line:23] INFO 0 290.jpeg res:[ 0.69064385  0.95647746  0.24572422  0.55510604  0.83309978]
Sun, 08 May 2016 10:56:23 r.py[line:23] INFO 0 215.jpeg res:[ 0.663638    1.04355717  0.24445671  0.25917274  0.81332451]
Sun, 08 May 2016 10:56:26 r.py[line:23] INFO 2 186.jpeg res:[ 0.91272753  0.36451983  0.42147028  0.56055176  0.960922  ]
Sun, 08 May 2016 10:56:28 r.py[line:23] INFO 0 4.jpeg res:[ 0.95637888  0.20559897  0.50025356  0.60396677  0.9808417 ]
Sun, 08 May 2016 10:56:36 r.py[line:23] INFO 0 134.jpeg res:[ 0.86467677  0.55652219  0.8281647   0.12235203  0.93392891]
Sun, 08 May 2016 10:56:49 r.py[line:23] INFO 2 157.jpeg res:[ 0.81918198  0.6839782   0.76350617  0.08431595  0.909639  ]
Sun, 08 May 2016 10:57:00 r.py[line:23] INFO 2 303.jpeg res:[ 0.80184734  0.81839681  0.89177638  0.11538434  0.90063351]
Sun, 08 May 2016 10:57:05 r.py[line:23] INFO 0 244.jpeg res:[ 0.35952979  2.19156361  1.44857383  0.03059689  0.59584761]
Sun, 08 May 2016 10:57:09 r.py[line:23] INFO 0 157.jpeg res:[ 0.7759887   0.78847474  1.00189245  0.19573222  0.89434075]
Sun, 08 May 2016 10:57:30 r.py[line:23] INFO 2 43.jpeg res:[ 0.9881624   0.05721576  0.59507942  0.80774343  0.99573016]
Sun, 08 May 2016 10:57:37 r.py[line:23] INFO 0 27s4.jpeg res:[ 0.66732025  1.0780009   0.36459494  0.39341125  0.80291945]
Sun, 08 May 2016 10:57:42 r.py[line:23] INFO 2 151.jpeg res:[ 0.9447394   0.26369706  0.45916685  0.39853132  0.97472912]
Sun, 08 May 2016 10:57:57 r.py[line:23] INFO 0 31.jpeg res:[ 0.65564531  1.10984135  1.09673262  0.04376939  0.81277436]
Sun, 08 May 2016 10:57:59 r.py[line:23] INFO 2 94.jpeg res:[ 0.7296946   1.10734606  3.42768764  0.10966977  0.87915558]
Sun, 08 May 2016 10:58:06 r.py[line:23] INFO 0 242.jpeg res:[ 0.83770043  0.66122693  1.44624233  0.09821689  0.9212575 ]
Sun, 08 May 2016 10:58:12 r.py[line:23] INFO 2 398.jpeg res:[ 0.93471152  0.30181465  0.89759582  0.34358084  0.97040927]
Sun, 08 May 2016 10:58:23 r.py[line:23] INFO 2 285.jpeg res:[ 0.9570204   0.20275614  1.35804713  0.33333188  0.98259056]
Sun, 08 May 2016 10:58:25 r.py[line:23] INFO 2 103.jpeg res:[ 0.87330782  0.49417374  0.45796946  0.27685657  0.94384664]
Sun, 08 May 2016 10:58:33 r.py[line:23] INFO 0 20s0.jpeg res:[ 0.68411511  1.15842128  0.44906089  0.05858334  0.82844603]
Sun, 08 May 2016 10:58:37 r.py[line:23] INFO 2 37.jpeg res:[ 0.97076076  0.13563237  0.60439771  0.51404864  0.98748356]
Sun, 08 May 2016 10:58:49 r.py[line:23] INFO 2 31.jpeg res:[ 0.14902307  3.40915227  2.98333025  0.02932948  0.37527829]
Sun, 08 May 2016 10:58:59 r.py[line:23] INFO 2 s103.jpeg res:[ 0.90125805  0.36994123  0.42403173  0.13985579  0.951343  ]
Sun, 08 May 2016 10:59:06 r.py[line:23] INFO 0 164.jpeg res:[ 0.59070206  1.47511613  0.838489    0.10521099  0.76137942]
Sun, 08 May 2016 10:59:07 r.py[line:23] INFO 2 ss.jpeg res:[ 0.92382699  0.34966552  0.99924171  0.24903263  0.96659636]
Sun, 08 May 2016 10:59:15 r.py[line:23] INFO 2 rain (5).jpg res:[ 0.97392523  0.13007575  0.50298381  0.87522638  0.99030173]
Sun, 08 May 2016 10:59:41 r.py[line:23] INFO 0 248.jpeg res:[ 0.56160033  1.51697993  0.82940602  0.07063314  0.75113422]
Sun, 08 May 2016 10:59:51 r.py[line:23] INFO 0 101.jpeg res:[ 0.99685252  0.01723563  0.06272143  6.03367186  0.99905854]
Sun, 08 May 2016 10:59:56 r.py[line:23] INFO 2 101.jpeg res:[ 0.99357152  0.02737099  0.48476136  1.02913725  0.99789   ]
Sun, 08 May 2016 10:59:59 r.py[line:23] INFO 0 92.jpeg res:[ 0.58504409  1.61593282  6.90115166  0.04237596  0.80219257]
Sun, 08 May 2016 11:00:07 r.py[line:23] INFO 2 452.jpeg res:[ 0.66042256  1.34470153  2.98133564  0.13844663  0.84509331]
Sun, 08 May 2016 11:00:29 r.py[line:23] INFO 2 161.jpeg res:[  9.99733031e-01   1.53073948e-03   1.73804394e-04   2.80891797e+03
   9.99846160e-01]
Sun, 08 May 2016 11:00:30 r.py[line:23] INFO 2 92.jpeg res:[ 0.75377381  0.98924893  1.72880805  0.10622701  0.88034105]
Sun, 08 May 2016 11:00:37 r.py[line:23] INFO 0 snow (7).jpg res:[ 0.16619265  2.25515318  0.21951239  0.15823048  0.30707932]
Sun, 08 May 2016 11:00:42 r.py[line:23] INFO 2 555.jpeg res:[ 0.97957861  0.09949495  0.04644908  0.99466807  0.98992026]
Sun, 08 May 2016 11:00:53 r.py[line:23] INFO 2 390.jpeg res:[ 0.95439965  0.21379721  1.31778932  0.30539659  0.98143762]
Sun, 08 May 2016 11:00:53 r.py[line:23] INFO 2 83.jpeg res:[ 0.94817626  0.25025871  0.98814136  0.35942066  0.97879612]
Sun, 08 May 2016 11:00:58 r.py[line:23] INFO 2 294.jpeg res:[ 0.89793944  0.45876706  1.09104681  0.26163176  0.95419651]
Sun, 08 May 2016 11:01:00 r.py[line:23] INFO 0 7s2.jpeg res:[ 0.21372579  2.64134479  6.15778971  0.0201247   0.41002157]
Sun, 08 May 2016 11:01:04 r.py[line:23] INFO 2 59.jpeg res:[ 0.91864055  0.3631922   0.75584644  0.2370076   0.96127242]
Sun, 08 May 2016 11:01:06 r.py[line:23] INFO 2 w43.jpeg res:[ 0.73191661  0.94964981  0.45195922  0.52115667  0.8518424 ]
Sun, 08 May 2016 11:01:08 r.py[line:23] INFO 2 74.jpeg res:[  9.99808431e-01   1.15723687e-03   3.63984681e-03   1.06001144e+02
   9.99945641e-01]
Sun, 08 May 2016 11:01:15 r.py[line:23] INFO 2 s133.jpeg res:[ 0.87965578  0.49881622  0.96997887  0.32863784  0.94623047]
Sun, 08 May 2016 11:01:17 r.py[line:23] INFO 0 226.jpeg res:[ 0.8081761   0.767654    1.59493196  0.17475179  0.91428393]
Sun, 08 May 2016 11:01:25 r.py[line:23] INFO 2 26.jpeg res:[ 0.80184734  0.81839681  0.89177638  0.11538434  0.90063351]
Sun, 08 May 2016 11:01:32 r.py[line:23] INFO 2 109.jpeg res:[ 0.97678757  0.11660669  0.14035118  1.75223339  0.99008203]
Sun, 08 May 2016 11:01:39 r.py[line:23] INFO 2 78.jpeg res:[ 0.98992455  0.0538963   0.37946549  1.25790989  0.99638188]
Sun, 08 May 2016 11:01:40 r.py[line:23] INFO 2 36.jpeg res:[ 0.86705291  0.57445681  1.63215339  0.17698747  0.94430178]
Sun, 08 May 2016 11:01:42 r.py[line:23] INFO 0 43.jpeg res:[ 0.12080388  3.10430312  1.20572591  0.06018148  0.32144198]
Sun, 08 May 2016 11:01:46 r.py[line:23] INFO 2 403.jpeg res:[ 0.5712195   1.62602532  1.19913709  0.1204837   0.7705974 ]
Sun, 08 May 2016 11:01:53 r.py[line:23] INFO 2 441.jpeg res:[ 0.77372915  0.94387454  1.62549806  0.10614353  0.88735586]
Sun, 08 May 2016 11:01:53 r.py[line:23] INFO 2 295.jpeg res:[ 0.26928657  2.67687964  3.9319365   0.04195832  0.52887625]
Sun, 08 May 2016 11:02:00 r.py[line:23] INFO 0 5s6.jpeg res:[ 0.9711349   0.11367477  1.99569464  0.24858934  0.9906491 ]
Sun, 08 May 2016 11:02:04 r.py[line:23] INFO 2 315.jpeg res:[ 0.99496382  0.0240695   0.25368887  1.71630549  0.99809277]
Sun, 08 May 2016 11:02:14 r.py[line:23] INFO 2 84.jpeg res:[ 0.41311133  2.40340281  4.64977932  0.05793766  0.65899968]
Sun, 08 May 2016 11:02:15 r.py[line:23] INFO 2 123.jpeg res:[ 0.93471152  0.30181465  0.89759582  0.34358084  0.97040927]
Sun, 08 May 2016 11:02:20 r.py[line:23] INFO 2 451.jpeg res:[ 0.77507138  0.89667434  1.17388749  0.08645668  0.88997179]
Sun, 08 May 2016 11:02:26 r.py[line:23] INFO 0 156.jpeg res:[ 0.61514658  1.22219646  0.5956105   0.04588293  0.78341663]
Sun, 08 May 2016 11:02:27 r.py[line:23] INFO 2 169.jpeg res:[ 0.90008605  0.42598987  0.82121438  0.41269141  0.95585775]
Sun, 08 May 2016 11:02:37 r.py[line:23] INFO 2 132.jpeg res:[ 0.81747556  0.7510131   3.39969921  0.09631556  0.92130286]
Sun, 08 May 2016 11:02:40 r.py[line:23] INFO 2 212.jpeg res:[ 0.88397217  0.50121671  1.42655063  0.13995339  0.94719535]
Sun, 08 May 2016 11:02:52 r.py[line:23] INFO 2 444.jpeg res:[ 0.90008605  0.42598987  0.82121438  0.41269141  0.95585775]
Sun, 08 May 2016 11:03:03 r.py[line:23] INFO 2 13.jpeg res:[ 0.71992546  1.10083175  0.8933807   0.09959099  0.85412359]
Sun, 08 May 2016 11:03:10 r.py[line:23] INFO 2 173.jpeg res:[ 0.4407118   2.15902114  3.22199249  0.04899194  0.68022943]
Sun, 08 May 2016 11:03:13 r.py[line:23] INFO 2 140.jpeg res:[ 0.99682534  0.01906598  0.03950377  5.66107082  0.99862707]
Sun, 08 May 2016 11:03:20 r.py[line:23] INFO 2 311.jpeg res:[ 0.97466201  0.12731643  0.53989583  0.78057355  0.99073547]
Sun, 08 May 2016 11:03:23 r.py[line:23] INFO 2 rain5.jpg res:[ 1.  0.  0.  0.  1.]
Sun, 08 May 2016 11:03:25 r.py[line:23] INFO 2 163.jpeg res:[ 0.30443847  2.68185472  3.49336433  0.02702975  0.55885983]
Sun, 08 May 2016 11:03:36 r.py[line:23] INFO 2 s105.jpeg res:[  9.99831915e-01   1.00109004e-03   7.44866120e-05   6.67841406e+03
   9.99885857e-01]
Sun, 08 May 2016 11:03:38 r.py[line:23] INFO 2 221.jpeg res:[ 0.90258944  0.38832435  0.19915637  0.49046254  0.95265675]
Sun, 08 May 2016 11:03:46 r.py[line:23] INFO 2 306.jpeg res:[ 0.56448311  1.6277473   4.68988132  0.03399118  0.76886666]
Sun, 08 May 2016 11:03:50 r.py[line:23] INFO 2 302.jpeg res:[ 0.89919102  0.43812591  0.99834359  0.21438003  0.95482224]
Sun, 08 May 2016 11:03:55 r.py[line:23] INFO 2 75.jpeg res:[ 0.98046201  0.10207877  0.40362009  0.96481347  0.99225658]
Sun, 08 May 2016 11:04:04 r.py[line:23] INFO 2 1s07.jpeg res:[ 0.99227339  0.03608308  0.6077593   0.57220465  0.99783134]
Sun, 08 May 2016 11:04:39 r.py[line:23] INFO 2 365.jpeg res:[ 0.84180319  0.64524609  2.78637362  0.08888541  0.92828929]
Sun, 08 May 2016 11:04:52 r.py[line:23] INFO 2 46.jpeg res:[ 0.99511623  0.02767489  0.02847046  3.5458684   0.99772418]
Sun, 08 May 2016 11:04:59 r.py[line:23] INFO 2 108.jpeg res:[ 0.79596388  0.86044836  0.95234716  0.14500156  0.89833277]
Sun, 08 May 2016 11:05:02 r.py[line:23] INFO 0 50.jpeg res:[  9.99996185e-01   2.83789632e-05   1.90952369e-06  -1.00000191e+00
   9.99988556e-01]
Sun, 08 May 2016 11:05:08 r.py[line:23] INFO 2 41.jpeg res:[ 0.98952407  0.04620577  0.72615111  0.68745041  0.99647278]
Sun, 08 May 2016 11:05:10 r.py[line:23] INFO 0 366.jpeg res:[ 0.69635248  0.96320921  1.07508516  0.1325119   0.84788555]
Sun, 08 May 2016 11:05:18 r.py[line:23] INFO 2 42.jpeg res:[ 0.85287434  0.61937064  1.27103746  0.19642425  0.93171179]
Sun, 08 May 2016 11:05:21 r.py[line:23] INFO 0 364.jpeg res:[ 0.54156178  1.68820107  2.76400757  0.0386338   0.74733233]
Sun, 08 May 2016 11:05:25 r.py[line:23] INFO 2 377.jpeg res:[ 0.99449998  0.03037369  0.17142029  2.79287291  0.99812406]
Sun, 08 May 2016 11:05:31 r.py[line:23] INFO 2 rain (4).jpg res:[ 0.91082025  0.39972672  0.76426584  0.42036903  0.95851082]
Sun, 08 May 2016 11:05:41 r.py[line:23] INFO 2 ss63.jpeg res:[ 0.2847015   2.88100481  5.97444296  0.0273572   0.5634895 ]
Sun, 08 May 2016 11:05:41 r.py[line:23] INFO 2 255.jpeg res:[ 0.96434897  0.15393369  0.09288278  3.15488005  0.98357409]
Sun, 08 May 2016 11:05:54 r.py[line:23] INFO 2 145.jpeg res:[ 0.94981515  0.23075101  0.47833169  0.32759035  0.97667086]
Sun, 08 May 2016 11:06:10 r.py[line:23] INFO 2 96.jpeg res:[ 0.90426904  0.36136442  0.74784809  0.13569994  0.95395303]
Sun, 08 May 2016 11:06:23 r.py[line:23] INFO 2 1s01.jpeg res:[ 0.91455323  0.38785759  0.80803013  0.24438366  0.96075255]
Sun, 08 May 2016 11:06:33 r.py[line:23] INFO 2 130.jpeg res:[ 0.4654783   1.97274709  1.82223821  0.12205259  0.68667656]
Sun, 08 May 2016 11:06:45 r.py[line:23] INFO 2 438.jpeg res:[ 0.30443847  2.68185472  3.49336433  0.02702975  0.55885983]
Sun, 08 May 2016 11:07:14 r.py[line:23] INFO 2 64.jpeg res:[ 0.98625457  0.0721252   0.25257382  1.41263425  0.99425924]
Sun, 08 May 2016 11:07:19 r.py[line:23] INFO 2 32.jpeg res:[ 0.5232541   1.75884116  1.0795598   0.0804941   0.731893  ]
Sun, 08 May 2016 11:07:46 r.py[line:23] INFO 2 141.jpeg res:[ 0.74198776  1.05085719  1.97338212  0.08082687  0.87095112]
Sun, 08 May 2016 11:07:48 r.py[line:23] INFO 2 359.jpeg res:[ 0.95666766  0.20715949  0.65023583  0.53177983  0.98113251]
Sun, 08 May 2016 11:07:54 r.py[line:23] INFO 2 139.jpeg res:[ 0.98368698  0.08204301  0.2134534   1.27057481  0.99289018]
Sun, 08 May 2016 11:08:04 r.py[line:23] INFO 2 15.jpeg res:[ 0.97078252  0.11192659  0.17263263  2.80339718  0.98731184]
Sun, 08 May 2016 11:08:12 r.py[line:23] INFO 2 69.jpeg res:[ 0.83599967  0.7117821   1.63846195  0.15058126  0.92451161]
Sun, 08 May 2016 11:08:20 r.py[line:23] INFO 2 1s06.jpeg res:[ 0.94238186  0.25438401  0.58786136  0.60810304  0.9775328 ]
Sun, 08 May 2016 11:08:27 r.py[line:23] INFO 2 429.jpeg res:[ 0.95441604  0.21382499  0.72578716  0.68653363  0.98247296]
Sun, 08 May 2016 11:08:29 r.py[line:23] INFO 2 213.jpeg res:[ 0.92414045  0.34317335  1.09560883  0.23760666  0.96775711]
Sun, 08 May 2016 11:08:36 r.py[line:23] INFO 2 370.jpeg res:[ 0.91817325  0.36897406  0.74159801  0.35226783  0.96631926]
Sun, 08 May 2016 11:08:38 r.py[line:23] INFO 2 3s90.jpeg res:[ 0.93788421  0.27352506  0.42253482  0.51304549  0.97197598]
Sun, 08 May 2016 11:08:47 r.py[line:23] INFO 2 131.jpeg res:[ 0.60129941  1.50011969  8.32889652  0.0357844   0.80804843]
Sun, 08 May 2016 11:08:57 r.py[line:23] INFO 2 126.jpeg res:[ 0.98439544  0.08006896  0.38717595  1.27135599  0.99446595]
Sun, 08 May 2016 11:09:02 r.py[line:23] INFO 2 17.jpeg res:[ 0.89793944  0.45876706  1.09104681  0.26163176  0.95419651]
Sun, 08 May 2016 11:09:11 r.py[line:23] INFO 2 158.jpeg res:[ 0.21701461  2.23997641  0.63190156  0.04214005  0.38478518]
Sun, 08 May 2016 11:09:21 r.py[line:23] INFO 2 8s3.jpeg res:[ 0.95667386  0.20865209  0.30589381  0.66332805  0.98108619]
Sun, 08 May 2016 11:09:26 r.py[line:23] INFO 2 1s04.jpeg res:[ 0.88489175  0.50651878  1.2821312   0.22418714  0.95112193]
Sun, 08 May 2016 11:09:28 r.py[line:23] INFO 2 67.jpeg res:[ 0.94077468  0.27463505  0.74334276  0.37657365  0.97553474]
Sun, 08 May 2016 11:09:35 r.py[line:23] INFO 2 138.jpeg res:[  9.99443412e-01   2.95018358e-03   5.89254370e-04   1.02364136e+02
   9.99610782e-01]
Sun, 08 May 2016 11:09:48 r.py[line:23] INFO 2 362.jpeg res:[ 0.85337263  0.58609891  0.8198719   0.38481039  0.92770189]
Sun, 08 May 2016 11:09:57 r.py[line:23] INFO 2 5.jpeg res:[ 0.89477414  0.46072671  0.88473451  0.16050275  0.94977641]
Sun, 08 May 2016 11:10:04 r.py[line:23] INFO 2 165.jpeg res:[ 0.93571275  0.25319141  1.28989255  0.16653889  0.97120523]
Sun, 08 May 2016 11:10:29 r.py[line:23] INFO 2 80.jpeg res:[ 0.5860014   1.21450198  0.34280851  0.04318637  0.76187497]
Sun, 08 May 2016 11:10:49 r.py[line:23] INFO 2 73.jpeg res:[ 0.87998301  0.41375828  1.4351424   0.23230843  0.94300008]
Sun, 08 May 2016 11:10:55 r.py[line:23] INFO 2 184.jpeg res:[ 0.51753372  1.85691833  5.14400196  0.04999443  0.74601281]
Sun, 08 May 2016 11:11:23 r.py[line:23] INFO 2 194.jpeg res:[ 0.98576558  0.06602819  0.55685091  0.70343858  0.99445003]
Sun, 08 May 2016 11:11:31 r.py[line:23] INFO 2 90.jpeg res:[ 0.92002845  0.36693981  0.51770163  0.28152972  0.96143907]
Sun, 08 May 2016 11:11:32 r.py[line:23] INFO 2 119.jpeg res:[ 0.9980306   0.01105631  0.09478625  4.98927546  0.99930024]
Sun, 08 May 2016 11:11:42 r.py[line:23] INFO 2 87.jpeg res:[ 0.41905066  1.9534359   1.85094082  0.19689474  0.69959927]
Sun, 08 May 2016 11:11:45 r.py[line:23] INFO 0 109.jpeg res:[  9.98367190e-01   8.40850919e-03   8.68714042e-03   2.98100090e+01
   9.99293029e-01]
Sun, 08 May 2016 11:12:01 r.py[line:23] INFO 2 39.jpeg res:[ 0.66833365  1.14497638  1.7699368   0.04994578  0.82584357]
Sun, 08 May 2016 11:12:03 r.py[line:23] INFO 0 36.jpeg res:[ 0.98484319  0.07589199  0.61013323  0.81707507  0.99469906]
Sun, 08 May 2016 11:12:15 r.py[line:23] INFO 0 127.jpeg res:[  9.99399185e-01   3.16085154e-03   1.25753123e-03   2.96199768e+02
   9.99825597e-01]
Sun, 08 May 2016 11:12:16 r.py[line:23] INFO 2 146.jpeg res:[ 0.98503566  0.07484856  0.56474584  0.75924027  0.99523222]
Sun, 08 May 2016 11:12:25 r.py[line:23] INFO 2 421.jpeg res:[ 0.93579811  0.29969525  1.31516349  0.30710727  0.97319239]
Sun, 08 May 2016 11:13:15 r.py[line:23] INFO 2 rain (9).jpg res:[ 0.54974419  1.49710071  1.43826759  0.06588902  0.74310172]
Sun, 08 May 2016 11:13:24 r.py[line:23] INFO 2 85.jpeg res:[ 0.92317462  0.34936467  1.23364031  0.26633021  0.96776468]
Sun, 08 May 2016 11:13:32 r.py[line:23] INFO 2 382.jpeg res:[ 0.48544568  1.67753518  0.78003055  0.06885555  0.69890577]
Sun, 08 May 2016 11:13:43 r.py[line:23] INFO 2 142.jpeg res:[ 0.98940969  0.05612132  0.12550998  2.81820297  0.9957571 ]
Sun, 08 May 2016 11:13:49 r.py[line:23] INFO 2 500.jpeg res:[ 0.81702125  0.62612319  0.32132292  0.33610106  0.90675408]
Sun, 08 May 2016 11:13:51 r.py[line:23] INFO 2 118.jpeg res:[ 0.86737156  0.5663358   1.05300629  0.267986    0.94272053]
Sun, 08 May 2016 11:13:57 r.py[line:23] INFO 0 snow4.jpg res:[ 0.63501173  1.12653244  0.30255935  0.04244791  0.7945841 ]
Sun, 08 May 2016 11:13:59 r.py[line:23] INFO 2 177.jpeg res:[ 0.66042256  1.34470153  2.98133564  0.13844663  0.84509331]
Sun, 08 May 2016 11:14:03 r.py[line:23] INFO 2 rain0.jpg res:[ 0.97473609  0.12197479  0.32812902  1.51651716  0.9909091 ]
Sun, 08 May 2016 11:14:06 r.py[line:23] INFO 2 rain3.jpg res:[ 0.730488    0.92870808  0.96748531  0.07986499  0.85850137]
Sun, 08 May 2016 11:14:08 r.py[line:23] INFO 0 54.jpeg res:[ 0.6161949   1.53600478  7.95169497  0.04097599  0.81816536]
Sun, 08 May 2016 11:14:19 r.py[line:23] INFO 0 129.jpeg res:[ 0.67355067  1.05091023  0.6563133   0.22065867  0.82525498]
Sun, 08 May 2016 11:14:22 r.py[line:23] INFO 2 368.jpeg res:[ 0.93244547  0.30909854  1.43297136  0.24136829  0.971026  ]
Sun, 08 May 2016 11:14:31 r.py[line:23] INFO 0 23.jpeg res:[ 0.30316392  2.1094861   0.27229613  0.03399352  0.53027469]
Sun, 08 May 2016 11:14:37 r.py[line:23] INFO 0 189.jpeg res:[ 0.7197473   1.06353998  2.15196705  0.05490449  0.86186516]
Sun, 08 May 2016 11:14:40 r.py[line:23] INFO 0 84.jpeg res:[ 0.95512086  0.20440689  0.36932546  1.20768416  0.98081344]
Sun, 08 May 2016 11:14:44 r.py[line:23] INFO 0 27.jpeg res:[ 0.37790892  2.45412779  6.04950333  0.04436211  0.65270054]
Sun, 08 May 2016 11:14:53 r.py[line:23] INFO 2 369.jpeg res:[ 0.94014543  0.26976055  1.46794784  0.29078591  0.97775316]
Sun, 08 May 2016 11:15:01 r.py[line:23] INFO 2 391.jpeg res:[ 0.49260536  2.1041584   7.46188021  0.04840562  0.74376667]
Sun, 08 May 2016 11:15:02 r.py[line:23] INFO 0 15.jpeg res:[ 0.99382192  0.03313703  0.32007498  1.52180517  0.99798155]
Sun, 08 May 2016 11:15:08 r.py[line:23] INFO 2 10s6.jpeg res:[ 0.96748471  0.15314028  1.16965663  0.4233546   0.98696822]
Sun, 08 May 2016 11:15:12 r.py[line:23] INFO 0 212.jpeg res:[ 0.36704373  2.24751735  1.87122035  0.03530751  0.6187852 ]
Sun, 08 May 2016 11:15:15 r.py[line:23] INFO 0 253.jpeg res:[  9.99703288e-01   1.83501700e-03   5.87553950e-03   3.57316666e+01
   9.99921679e-01]
Sun, 08 May 2016 11:15:22 r.py[line:23] INFO 0 311.jpeg res:[ 0.87818497  0.434192    4.89641905  0.07813812  0.94940764]
Sun, 08 May 2016 11:15:31 r.py[line:23] INFO 0 285.jpeg res:[ 0.75924778  0.81331223  0.52392942  0.40237117  0.85829294]
Sun, 08 May 2016 11:15:43 r.py[line:23] INFO 0 227.jpeg res:[ 0.28528309  2.50547743  2.0972333   0.05643351  0.54143608]
Sun, 08 May 2016 11:15:45 r.py[line:23] INFO 0 8s3.jpeg res:[ 0.77705932  0.85764259  0.60259777  0.30130026  0.88915348]
Sun, 08 May 2016 11:16:14 r.py[line:23] INFO 0 46.jpeg res:[ 0.11578929  3.34814739  4.18604279  0.02621119  0.32973862]
Sun, 08 May 2016 11:16:21 r.py[line:23] INFO 0 167.jpeg res:[ 0.58755553  1.52645469  3.10382247  0.03615754  0.77984715]
Sun, 08 May 2016 11:16:36 r.py[line:23] INFO 0 321.jpeg res:[ 0.27609393  1.799999    0.89295864  0.05761488  0.45090619]
Sun, 08 May 2016 11:17:24 r.py[line:23] INFO 0 90.jpeg res:[  9.99239922e-01   4.59183380e-03   1.08732199e-02   3.19049339e+01
   9.99783516e-01]
Sun, 08 May 2016 11:17:38 r.py[line:23] INFO 0 229.jpeg res:[ 0.97329229  0.1350437   0.35856998  0.89569587  0.98903638]
Sun, 08 May 2016 11:17:46 r.py[line:23] INFO 0 108.jpeg res:[ 0.96210879  0.17293082  0.22297749  0.43747726  0.98130119]
Sun, 08 May 2016 11:17:53 r.py[line:23] INFO 0 222.jpeg res:[ 0.67966455  1.01253891  0.62631285  0.27089772  0.83229226]
Sun, 08 May 2016 11:18:01 r.py[line:23] INFO 0 417.jpeg res:[ 0.29077014  1.8895613   2.64735627  0.02087125  0.48634723]
Sun, 08 May 2016 11:18:10 r.py[line:23] INFO 0 307.jpeg res:[ 0.15883684  2.95112491  2.2175622   0.04047045  0.37385136]
Sun, 08 May 2016 11:18:30 r.py[line:23] INFO 0 132.jpeg res:[ 0.43096316  2.03107643  1.11717486  0.0418353   0.65798944]
Sun, 08 May 2016 11:18:39 r.py[line:23] INFO 0 4s7.jpeg res:[ 0.79755771  0.79298937  1.38988686  0.29925695  0.90879381]
Sun, 08 May 2016 11:18:44 r.py[line:23] INFO 0 52.jpeg res:[ 0.4697203   1.71315157  3.9463172   0.03100716  0.70040429]
Sun, 08 May 2016 11:18:54 r.py[line:23] INFO 0 289.jpeg res:[ 0.54834354  1.33405709  0.27434024  0.32535785  0.7297622 ]
Sun, 08 May 2016 11:19:05 r.py[line:23] INFO 0 51.jpeg res:[  9.99377072e-01   3.55639169e-03   5.75347943e-03   4.98601484e+00
   9.99843001e-01]
Sun, 08 May 2016 11:19:07 r.py[line:23] INFO 0 163.jpeg res:[ 0.33785316  2.6275847   3.11190176  0.03448245  0.59492946]
Sun, 08 May 2016 11:19:33 r.py[line:23] INFO 0 83.jpeg res:[ 0.88889825  0.36936444  0.36710545  1.16821504  0.94704491]
Sun, 08 May 2016 11:19:38 r.py[line:23] INFO 0 1s4.jpeg res:[ 0.87377578  0.51139081  0.32699388  0.23379511  0.93865681]
Sun, 08 May 2016 11:19:48 r.py[line:23] INFO 0 221.jpeg res:[ 0.72654933  1.13859975  2.31170774  0.08868956  0.86447185]
Sun, 08 May 2016 11:19:50 r.py[line:23] INFO 0 251.jpeg res:[ 0.4410423   1.87346959  0.69389743  0.0644904   0.66497821]
Sun, 08 May 2016 11:19:58 r.py[line:23] INFO 0 6s7.jpeg res:[ 0.97461945  0.12248659  0.16447821  1.73436034  0.98990571]
Sun, 08 May 2016 11:20:05 r.py[line:23] INFO 0 32.jpeg res:[ 0.40392494  1.64483857  0.17526594  0.10936971  0.62086171]
Sun, 08 May 2016 11:20:12 r.py[line:23] INFO 0 359.jpeg res:[ 0.91783351  0.37208092  0.99744612  0.20729761  0.96252227]
Sun, 08 May 2016 11:20:23 r.py[line:23] INFO 0 196.jpeg res:[ 0.43107602  2.2565515   7.38205433  0.05043909  0.69886589]
Sun, 08 May 2016 11:20:34 r.py[line:23] INFO 0 192.jpeg res:[ 0.41504878  1.81771803  1.83299983  0.15251467  0.67451566]
Sun, 08 May 2016 11:20:48 r.py[line:23] INFO 0 224.jpeg res:[ 0.8556931   0.57102346  3.02951193  0.10022537  0.94101322]
Sun, 08 May 2016 11:20:54 r.py[line:23] INFO 0 59.jpeg res:[ 0.59620267  1.46118987  1.18989766  0.04531955  0.78360146]
Sun, 08 May 2016 11:20:57 r.py[line:23] INFO 0 213.jpeg res:[ 0.30283514  2.22159123  2.2443471   0.02231085  0.4814668 ]
Sun, 08 May 2016 11:21:05 r.py[line:23] INFO 0 66.jpeg res:[ 0.73030931  0.66849017  0.96959418  0.03849238  0.85098815]
Sun, 08 May 2016 11:21:07 r.py[line:23] INFO 0 197.jpeg res:[ 0.95722407  0.15195049  0.96102583  0.22772431  0.97910744]
Sun, 08 May 2016 11:21:11 r.py[line:23] INFO 0 6.jpeg res:[ 0.44997892  2.1816597   3.85400891  0.03968949  0.69871253]
Sun, 08 May 2016 11:21:15 r.py[line:23] INFO 0 158.jpeg res:[ 0.59914231  1.60731852  2.50394058  0.0499471   0.78688991]
Sun, 08 May 2016 11:21:24 r.py[line:23] INFO 2 rain (6).jpg res:[ 0.59126997  0.65984643  0.20222147  0.02212237  0.71906668]
Sun, 08 May 2016 11:21:25 r.py[line:23] INFO 0 67.jpeg res:[ 0.77102572  0.91048378  0.61908364  0.15558238  0.88392001]
Sun, 08 May 2016 11:21:34 r.py[line:23] INFO 2 49.jpeg res:[ 0.727786    0.93512923  2.0067935   0.05085775  0.86248326]
Sun, 08 May 2016 11:21:35 r.py[line:23] INFO 0 165.jpeg res:[ 0.98528618  0.07064335  0.68582559  0.67329919  0.99447918]
Sun, 08 May 2016 11:21:39 r.py[line:23] INFO 2 401.jpeg res:[ 0.98439544  0.08006896  0.38717595  1.27135599  0.99446595]
Sun, 08 May 2016 11:21:41 r.py[line:23] INFO 2 58.jpeg res:[ 0.9709971   0.11928224  0.28264055  0.38067448  0.9863981 ]
Sun, 08 May 2016 11:21:46 r.py[line:23] INFO 2 1s05.jpeg res:[ 0.9782986   0.1099093   0.51184839  0.87208372  0.99205083]
Sun, 08 May 2016 11:21:58 r.py[line:23] INFO 2 464.jpeg res:[ 0.93035781  0.31989667  1.08195782  0.3645173   0.97225785]
Sun, 08 May 2016 11:22:09 r.py[line:23] INFO 0 335.jpeg res:[ 0.36224997  2.05982018  1.2949903   0.03731029  0.60646546]
Sun, 08 May 2016 11:22:14 r.py[line:23] INFO 0 74.jpeg res:[ 0.58426368  1.63091445  1.93296933  0.0852199   0.77916366]
Sun, 08 May 2016 11:22:35 r.py[line:23] INFO 2 160.jpeg res:[ 0.62274235  1.11268044  0.85253257  0.04342344  0.78859711]
Sun, 08 May 2016 11:22:37 r.py[line:23] INFO 0 80.jpeg res:[  9.98916924e-01   5.72066056e-03   1.32439029e-03   2.94414032e+02
   9.99509394e-01]
Sun, 08 May 2016 11:22:54 r.py[line:23] INFO 0 77.jpeg res:[  9.98228908e-01   8.69866274e-03   1.54419953e-03   2.41291763e+02
   9.99405742e-01]
Sun, 08 May 2016 11:23:06 r.py[line:23] INFO 2 rain (2).jpg res:[ 0.72986978  0.70066476  2.39704657  0.03702203  0.85527581]
Sun, 08 May 2016 11:23:12 r.py[line:23] INFO 2 370s.jpeg res:[ 0.9903633   0.05236341  0.03622576  3.04757261  0.99519444]
Sun, 08 May 2016 11:24:01 r.py[line:23] INFO 2 521.jpeg res:[ 0.28434011  2.26364946  1.47292185  0.02334544  0.49495357]
Sun, 08 May 2016 11:24:05 r.py[line:23] INFO 2 52.jpeg res:[ 0.79510421  0.81555218  1.15980506  0.28052425  0.90838349]
Sun, 08 May 2016 11:24:35 r.py[line:23] INFO 2 392.jpeg res:[ 0.99655771  0.01856077  0.07874031  3.46894693  0.99855977]
Sun, 08 May 2016 11:24:40 r.py[line:23] INFO 2 119s.jpeg res:[ 0.93825299  0.23843665  0.17869484  1.93668389  0.97777891]
Sun, 08 May 2016 11:24:55 r.py[line:23] INFO 2 s94.jpeg res:[ 0.88372195  0.45628515  0.38601327  0.30850229  0.94784439]
Sun, 08 May 2016 11:24:59 r.py[line:23] INFO 0 87.jpeg res:[ 0.19356254  2.1822865   0.23781191  0.22031119  0.36263317]
Sun, 08 May 2016 11:25:11 r.py[line:23] INFO 2 24.jpeg res:[ 0.52773798  1.68961096  0.88609421  0.0721819   0.72504592]
Sun, 08 May 2016 11:25:16 r.py[line:23] INFO 0 39.jpeg res:[ 0.60543329  1.36197114  0.36802119  0.09083385  0.77723783]
Sun, 08 May 2016 11:25:17 r.py[line:23] INFO 2 383.jpeg res:[ 0.89773506  0.44620007  0.93793553  0.3751871   0.95575523]
Sun, 08 May 2016 11:25:24 r.py[line:23] INFO 2 99.jpeg res:[  9.99952137e-01   3.22681706e-04   3.70526104e-04   4.50144409e+02
   9.99979258e-01]
Sun, 08 May 2016 11:25:26 r.py[line:23] INFO 0 123.jpeg res:[ 0.1173819   3.5936861   8.53055286  0.03943041  0.40348652]
Sun, 08 May 2016 11:25:30 r.py[line:23] INFO 2 263.jpeg res:[ 0.93157989  0.31013623  0.53026927  0.53633958  0.96807015]
Sun, 08 May 2016 11:25:36 r.py[line:23] INFO 0 149.jpeg res:[ 0.36312518  1.94265008  6.9954443   0.02084549  0.60947734]
Sun, 08 May 2016 11:25:49 r.py[line:23] INFO 2 243.jpeg res:[ 0.41798463  2.14724326  2.46139312  0.03070023  0.65227485]
Sun, 08 May 2016 11:25:57 r.py[line:23] INFO 2 28.jpeg res:[ 0.94379097  0.26873574  0.80746722  0.38308313  0.97611064]
Sun, 08 May 2016 11:26:05 r.py[line:23] INFO 0 s46.jpeg res:[ 0.91074204  0.32398224  0.07706213  0.87585455  0.95525295]
Sun, 08 May 2016 11:26:07 r.py[line:23] INFO 2 319.jpeg res:[ 0.58797359  1.6311717   2.13287711  0.0951357   0.78454232]
Sun, 08 May 2016 11:26:13 r.py[line:23] INFO 0 273.jpeg res:[ 0.74248606  0.8577342   0.09030143  0.14073133  0.85702127]
Sun, 08 May 2016 11:26:13 r.py[line:23] INFO 2 372.jpeg res:[ 0.6179207   1.36137354  1.92356098  0.14393736  0.80100286]
Sun, 08 May 2016 11:26:17 r.py[line:23] INFO 0 4s1.jpeg res:[ 0.98927057  0.05750746  0.22947387  1.88102698  0.99446696]
Sun, 08 May 2016 11:26:19 r.py[line:23] INFO 0 218.jpeg res:[ 0.65927094  1.05681777  0.29602382  0.87034833  0.80380279]
Sun, 08 May 2016 11:26:25 r.py[line:23] INFO 0 169.jpeg res:[ 0.725411    1.00224805  2.30442548  0.05094853  0.8630079 ]
Sun, 08 May 2016 11:26:34 r.py[line:23] INFO 0 199.jpeg res:[ 0.61432552  1.40624976  1.90393627  0.04080422  0.79282922]
Sun, 08 May 2016 11:26:35 r.py[line:23] INFO 0 23s5.jpeg res:[ 0.38431054  1.96462774  1.68593359  0.02504205  0.59924805]
Sun, 08 May 2016 11:26:42 r.py[line:23] INFO 0 35.jpeg res:[ 0.90037388  0.42297798  2.59487939  0.1214961   0.9567036 ]
Sun, 08 May 2016 11:26:43 r.py[line:23] INFO 0 168.jpeg res:[ 0.83273268  0.48156992  0.19190086  0.24307698  0.91309154]
Sun, 08 May 2016 11:26:46 r.py[line:23] INFO 2 150.jpeg res:[ 0.99783272  0.01265575  0.09742162  4.3936882   0.99932224]
Sun, 08 May 2016 11:26:46 r.py[line:23] INFO 2 296.jpeg res:[ 0.8822189   0.44209158  3.1929729   0.11292972  0.94658607]
Sun, 08 May 2016 11:26:53 r.py[line:23] INFO 2 397.jpeg res:[ 0.98250186  0.08719955  0.53494996  0.93109262  0.99416667]
Sun, 08 May 2016 11:26:53 r.py[line:23] INFO 0 57.jpeg res:[ 0.61079299  1.23322392  2.10607839  0.20307089  0.78848535]
Sun, 08 May 2016 11:27:00 r.py[line:23] INFO 2 235.jpeg res:[ 0.92221719  0.35267061  1.47310448  0.20768365  0.96666062]
Sun, 08 May 2016 11:27:06 r.py[line:23] INFO 2 111.jpeg res:[ 0.94213992  0.27767178  0.61280316  0.36469519  0.97418672]
Sun, 08 May 2016 11:27:11 r.py[line:23] INFO 0 198.jpeg res:[ 0.46690476  1.79017735  0.33865827  0.07276562  0.67979765]
Sun, 08 May 2016 11:27:12 r.py[line:23] INFO 2 453.jpeg res:[  0.30895817   2.90930748  10.0542841    0.03118517   0.59801811]
Sun, 08 May 2016 11:27:40 r.py[line:23] INFO 0 141.jpeg res:[ 0.63073564  1.28818715  1.22171175  0.08216553  0.80328333]
Sun, 08 May 2016 11:27:46 r.py[line:23] INFO 2 137.jpeg res:[ 0.99253583  0.04032446  0.21599984  2.08407998  0.99707448]
Sun, 08 May 2016 11:28:12 r.py[line:23] INFO 0 2s9.jpeg res:[ 0.43316197  2.14886141  3.1669724   0.06200562  0.69275266]
Sun, 08 May 2016 11:28:32 r.py[line:23] INFO 0 49.jpeg res:[ 0.36728561  1.6946727   0.12869491  0.33787915  0.5433495 ]
Sun, 08 May 2016 11:28:33 r.py[line:23] INFO 2 510.jpeg res:[ 1.  0.  0.  0.  1.]
Sun, 08 May 2016 11:28:38 r.py[line:23] INFO 0 snow (6).jpg res:[ 0.31943431  2.28816319  2.54192519  0.02236971  0.5498448 ]
Sun, 08 May 2016 11:28:40 r.py[line:23] INFO 0 136.jpeg res:[ 0.95339388  0.20464626  1.11345983  0.28814575  0.98089164]
Sun, 08 May 2016 11:28:52 r.py[line:23] INFO 0 30.jpeg res:[ 0.88067257  0.45362651  0.22816041  0.13863139  0.94004428]
Sun, 08 May 2016 11:29:03 r.py[line:23] INFO 2 154.jpeg res:[ 0.93726414  0.27794823  0.94435608  0.2530385   0.97324395]
Sun, 08 May 2016 11:29:10 r.py[line:23] INFO 2 40.jpeg res:[ 0.62406886  1.38094163  2.37054467  0.04510579  0.79557097]
Sun, 08 May 2016 11:29:14 r.py[line:23] INFO 2 s82.jpeg res:[ 0.75436503  1.02335775  2.33387566  0.10988025  0.87923169]
Sun, 08 May 2016 11:29:18 r.py[line:23] INFO 0 56.jpeg res:[ 0.16728033  3.0407536   1.26752555  0.06742562  0.40450153]
Sun, 08 May 2016 11:29:20 r.py[line:23] INFO 2 405.jpeg res:[ 0.4654783   1.97274709  1.82223821  0.12205259  0.68667656]
Sun, 08 May 2016 11:29:23 r.py[line:23] INFO 0 140.jpeg res:[ 0.98225635  0.0916698   0.46219519  0.99924147  0.99365991]
Sun, 08 May 2016 11:29:36 r.py[line:23] INFO 0 5s7.jpeg res:[ 0.94074267  0.23565835  0.60245228  0.82453865  0.96861774]
Sun, 08 May 2016 11:29:39 r.py[line:23] INFO 0 27s2.jpeg res:[ 0.91082913  0.28331935  0.04347616  7.31939459  0.93247873]
Sun, 08 May 2016 11:29:40 r.py[line:23] INFO 2 529.jpeg res:[ 0.98479259  0.06925646  0.03503937  0.80863845  0.99258131]
Sun, 08 May 2016 11:29:43 r.py[line:23] INFO 0 160.jpeg res:[ 0.92236829  0.34281746  0.89401442  0.2262468   0.96553254]
Sun, 08 May 2016 11:29:50 r.py[line:23] INFO 0 143.jpeg res:[ 0.92610008  0.33634639  1.53175056  0.25834805  0.9693855 ]
Sun, 08 May 2016 11:29:55 r.py[line:23] INFO 0 418.jpeg res:[ 0.30092841  1.8409884   0.21383549  0.02887463  0.51442903]
Sun, 08 May 2016 11:29:56 r.py[line:23] INFO 0 38.jpeg res:[ 0.58270299  1.54047477  0.93360811  0.10166194  0.76436251]
Sun, 08 May 2016 11:30:06 r.py[line:23] INFO 0 121.jpeg res:[ 0.96576959  0.13749114  0.64605469  0.2935887   0.98449069]
Sun, 08 May 2016 11:30:08 r.py[line:23] INFO 2 16.jpeg res:[ 1.  0.  0.  0.  1.]
Sun, 08 May 2016 11:30:14 r.py[line:23] INFO 2 1.jpeg res:[ 0.77255553  0.94525951  3.85008025  0.08000056  0.89154023]
Sun, 08 May 2016 11:30:20 r.py[line:23] INFO 0 210.jpeg res:[ 0.98895675  0.04488013  0.15468276  3.16097426  0.99649519]
Sun, 08 May 2016 11:30:22 r.py[line:23] INFO 2 s1s05.jpeg res:[ 0.9782986   0.1099093   0.51184839  0.87208372  0.99205083]
Sun, 08 May 2016 11:30:26 r.py[line:23] INFO 2 439.jpeg res:[ 0.79732174  0.84679115  2.45650625  0.08344726  0.90254211]
Sun, 08 May 2016 11:30:27 r.py[line:23] INFO 0 195.jpeg res:[ 0.30087513  2.28071308  3.12982035  0.10689944  0.57748085]
Sun, 08 May 2016 11:30:28 r.py[line:23] INFO 0 99.jpeg res:[ 0.42894089  1.66914928  1.99074244  0.02549071  0.65102822]
Sun, 08 May 2016 11:30:31 r.py[line:23] INFO 2 29.jpeg res:[ 0.56448311  1.6277473   4.68988132  0.03399118  0.76886666]
Sun, 08 May 2016 11:30:39 r.py[line:23] INFO 0 188.jpeg res:[ 0.71936631  1.04050875  2.19906569  0.05807175  0.86122561]
Sun, 08 May 2016 11:30:41 r.py[line:23] INFO 0 263.jpeg res:[ 0.65379608  1.37801719  2.27623844  0.10015961  0.8145963 ]
Sun, 08 May 2016 11:30:45 r.py[line:23] INFO 2 125.jpeg res:[ 0.94383764  0.24323355  0.847579    0.25817126  0.97467339]
Sun, 08 May 2016 11:30:51 r.py[line:23] INFO 2 264.jpeg res:[ 0.74423993  0.81184787  2.28358006  0.04823467  0.86521852]
Sun, 08 May 2016 11:31:02 r.py[line:23] INFO 0 116.jpeg res:[ 0.73511809  0.99327707  0.73620367  0.17271738  0.86321974]
Sun, 08 May 2016 11:31:03 r.py[line:23] INFO 2 s80.jpeg res:[ 0.94119519  0.26111037  1.12262046  0.23608978  0.97432154]
Sun, 08 May 2016 11:31:05 r.py[line:23] INFO 2 rain4.jpg res:[ 0.89012426  0.48366249  1.33170795  0.32986775  0.9544211 ]
Sun, 08 May 2016 11:31:19 r.py[line:23] INFO 0 1s49.jpeg res:[ 0.93218935  0.24741752  0.32438287  0.21220206  0.96536779]
Sun, 08 May 2016 11:31:24 r.py[line:23] INFO 0 s48.jpeg res:[ 0.81661713  0.68385321  0.41677976  0.33322611  0.89385998]
Sun, 08 May 2016 11:31:24 r.py[line:23] INFO 2 s255.jpeg res:[ 0.96434897  0.15393369  0.09288278  3.15488005  0.98357409]
Sun, 08 May 2016 11:31:33 r.py[line:23] INFO 0 416.jpeg res:[ 0.81609446  0.70522672  0.78471369  0.21869482  0.91453898]
Sun, 08 May 2016 11:31:52 r.py[line:23] INFO 0 3.jpeg res:[ 0.65482897  1.07995212  0.86932856  0.04832026  0.8130849 ]
Sun, 08 May 2016 11:31:54 r.py[line:23] INFO 2 433.jpeg res:[ 0.21701461  2.23997641  0.63190156  0.04214005  0.38478518]
Sun, 08 May 2016 11:31:55 r.py[line:23] INFO 0 256.jpeg res:[ 0.11144612  3.06183624  2.57570982  0.02679984  0.26832622]
Sun, 08 May 2016 11:32:05 r.py[line:23] INFO 0 28.jpeg res:[ 0.94401133  0.21974102  1.67903948  0.26714841  0.97855949]
Sun, 08 May 2016 11:32:08 r.py[line:23] INFO 0 snow3.jpg res:[ 0.45604682  2.00496984  0.93958503  0.05333574  0.67666292]
Sun, 08 May 2016 11:32:09 r.py[line:23] INFO 2 63.jpeg res:[ 0.77221936  0.85111833  4.92549801  0.06206976  0.89827573]
Sun, 08 May 2016 11:32:15 r.py[line:23] INFO 0 332.jpeg res:[ 0.40027979  2.39386749  2.86704898  0.05272353  0.63098955]
Sun, 08 May 2016 11:32:16 r.py[line:23] INFO 2 s150.jpeg res:[ 0.96221823  0.17817406  1.17214847  0.35834765  0.9851231 ]
Sun, 08 May 2016 11:32:28 r.py[line:23] INFO 0 231.jpeg res:[ 0.37524173  2.20603108  1.22723842  0.03968161  0.61606443]
Sun, 08 May 2016 11:32:35 r.py[line:23] INFO 2 104.jpeg res:[ 0.88489175  0.50651878  1.2821312   0.22418714  0.95112193]
Sun, 08 May 2016 11:32:37 r.py[line:23] INFO 0 236.jpeg res:[ 0.46375689  1.87365639  3.561836    0.14023682  0.7129885 ]
Sun, 08 May 2016 11:32:37 r.py[line:23] INFO 0 72.jpeg res:[ 0.70508945  1.20442331  1.59578073  0.09685384  0.85170758]
Sun, 08 May 2016 11:32:44 r.py[line:23] INFO 2 88.jpeg res:[ 0.8323077   0.60462672  0.36467212  0.98103243  0.91396397]
Sun, 08 May 2016 11:32:47 r.py[line:23] INFO 0 2s8.jpeg res:[ 0.79670978  0.84726536  5.08085251  0.08311632  0.91874808]
Sun, 08 May 2016 11:32:52 r.py[line:23] INFO 0 308.jpeg res:[ 0.13805304  2.79494643  2.04465055  0.04535102  0.31846303]
Sun, 08 May 2016 11:32:58 r.py[line:23] INFO 0 8s1.jpeg res:[ 0.67327487  0.92080128  1.57648134  0.03373825  0.82097739]
Sun, 08 May 2016 11:33:00 r.py[line:23] INFO 0 191.jpeg res:[ 0.99462456  0.02870788  0.12373758  2.68471456  0.99844033]
Sun, 08 May 2016 11:33:05 r.py[line:23] INFO 2 105.jpeg res:[ 0.99786788  0.01197265  0.03187113  8.41701031  0.99905324]
Sun, 08 May 2016 11:33:07 r.py[line:23] INFO 0 313.jpeg res:[ 0.92444915  0.33123299  2.86219931  0.16152839  0.97042453]
Sun, 08 May 2016 11:33:17 r.py[line:23] INFO 0 406.jpeg res:[ 0.69375318  1.24630761  1.40316665  0.10361389  0.84408724]
Sun, 08 May 2016 11:33:18 r.py[line:23] INFO 0 100.jpeg res:[ 0.97890902  0.09693281  0.0710509   3.73958635  0.99017704]
Sun, 08 May 2016 11:33:21 r.py[line:23] INFO 2 rain (3).jpg res:[ 0.72229105  0.90176803  3.5205152   0.04210226  0.85828447]
Sun, 08 May 2016 11:33:25 r.py[line:23] INFO 2 65.jpeg res:[ 0.98828459  0.06151414  0.34557599  1.38549662  0.99606645]
Sun, 08 May 2016 11:33:32 r.py[line:23] INFO 2 ss74.jpeg res:[ 0.90730655  0.40619898  0.90856373  0.46320626  0.95983857]
Sun, 08 May 2016 11:33:38 r.py[line:23] INFO 2 rain1.jpg res:[ 0.90234596  0.45034829  2.39107275  0.19223116  0.96080559]
Sun, 08 May 2016 11:33:40 r.py[line:23] INFO 2 82.jpeg res:[ 0.88651609  0.27141091  1.32446146  0.07885459  0.94346297]
Sun, 08 May 2016 11:33:50 r.py[line:23] INFO 2 183.jpeg res:[ 0.93909848  0.25729528  0.82771307  0.22403656  0.97320998]
Sun, 08 May 2016 11:34:07 r.py[line:23] INFO 2 427.jpeg res:[ 0.69916028  0.96352261  0.48236018  0.10746635  0.8372522 ]
Sun, 08 May 2016 11:34:22 r.py[line:23] INFO 2 53.jpeg res:[ 0.87189257  0.56352985  1.68634331  0.15928459  0.94249523]
Sun, 08 May 2016 11:34:25 r.py[line:23] INFO 2 128.jpeg res:[ 0.5712195   1.62602532  1.19913709  0.1204837   0.7705974 ]
Sun, 08 May 2016 11:34:37 r.py[line:23] INFO 2 489.jpeg res:[ 0.82394308  0.71556407  0.94504213  0.21853255  0.90984744]
Sun, 08 May 2016 11:34:47 r.py[line:23] INFO 2 81.jpeg res:[ 0.92172474  0.33941865  1.01310587  0.2024038   0.96406192]
Sun, 08 May 2016 11:34:56 r.py[line:23] INFO 2 34.jpeg res:[  9.95833278e-01   2.11855210e-02   1.07720951e-02   4.14878731e+01
   9.98344421e-01]
Sun, 08 May 2016 11:35:09 r.py[line:23] INFO 2 93.jpeg res:[ 0.97719771  0.11029357  1.03211355  0.48380327  0.99203509]
Sun, 08 May 2016 11:35:15 r.py[line:23] INFO 2 76.jpeg res:[  9.99837160e-01   1.08122872e-03   2.77789077e-03   6.10266266e+01
   9.99923408e-01]
Sun, 08 May 2016 11:35:22 r.py[line:23] INFO 2 55.jpeg res:[ 0.94827324  0.19408064  0.50167131  0.20475174  0.97551376]
Sun, 08 May 2016 11:35:26 r.py[line:23] INFO 2 107.jpeg res:[ 0.99227339  0.03608308  0.6077593   0.57220465  0.99783134]
Sun, 08 May 2016 11:38:50 r.py[line:23] INFO 0 235.jpeg res:[ 0.36675006  1.91584742  0.17236774  0.0415809   0.59364778]
Sun, 08 May 2016 11:38:55 r.py[line:23] INFO 0 111.jpeg res:[ 0.87910169  0.49130851  0.59979218  0.60068989  0.94537407]
Sun, 08 May 2016 11:39:04 r.py[line:23] INFO 0 278.jpeg res:[ 0.97304386  0.09457879  1.58327234  0.29429355  0.9869352 ]
Sun, 08 May 2016 11:39:14 r.py[line:23] INFO 0 323.jpeg res:[ 0.47703344  1.24945545  4.41683388  0.06231497  0.70022488]
Sun, 08 May 2016 11:39:18 r.py[line:23] INFO 0 41.jpeg res:[ 0.23501481  3.07865477  8.51761341  0.02817071  0.5163151 ]
Sun, 08 May 2016 11:39:31 r.py[line:23] INFO 0 2s48.jpeg res:[ 0.97494906  0.11282743  0.17300715  1.4736048   0.98928696]
Sun, 08 May 2016 11:39:40 r.py[line:23] INFO 0 42.jpeg res:[ 1.  0.  0.  0.  1.]
Sun, 08 May 2016 11:39:46 r.py[line:23] INFO 0 40.jpeg res:[ 0.61959797  1.47520792  2.51832747  0.08384718  0.79918957]
Sun, 08 May 2016 11:39:46 r.py[line:23] INFO 2 22.jpeg res:[ 0.34114477  2.37227869  1.1326741   0.07496136  0.5821749 ]
Sun, 08 May 2016 11:39:48 r.py[line:23] INFO 2 516.jpeg res:[ 0.87266618  0.54880077  1.31917036  0.26034844  0.94387919]
Sun, 08 May 2016 11:39:50 r.py[line:23] INFO 2 rain22.jpg res:[ 0.93971759  0.2785286   0.55140972  0.71650785  0.97355729]
Sun, 08 May 2016 11:39:52 r.py[line:23] INFO 0 304.jpeg res:[ 0.28083947  1.98447812  3.91168499  0.02010115  0.4685362 ]
Sun, 08 May 2016 11:40:03 r.py[line:23] INFO 0 5s2.jpeg res:[ 0.94738913  0.23723917  0.17852502  0.31483752  0.97412097]
Sun, 08 May 2016 11:40:05 r.py[line:23] INFO 2 361.jpeg res:[ 0.99004221  0.0528299   0.4037042   1.20223629  0.99646896]
Sun, 08 May 2016 11:40:10 r.py[line:23] INFO 0 367.jpeg res:[ 0.97557795  0.12058222  0.8475346   0.57459396  0.99056762]
Sun, 08 May 2016 11:40:11 r.py[line:23] INFO 2 250.jpeg res:[ 0.40606722  1.84869349  0.26693672  0.03928452  0.63664687]
Sun, 08 May 2016 11:40:18 r.py[line:23] INFO 0 185.jpeg res:[ 0.991831    0.03859939  0.15472396  1.65568006  0.9977898 ]
Sun, 08 May 2016 11:40:21 r.py[line:23] INFO 2 266.jpeg res:[ 0.2856065   2.37389016  3.44230533  0.02157491  0.50486767]
Sun, 08 May 2016 11:40:25 r.py[line:23] INFO 0 329.jpeg res:[ 0.71784443  1.14889503  3.61831999  0.07099695  0.86702287]
Sun, 08 May 2016 11:40:40 r.py[line:23] INFO 2 rainsnow1.jpg res:[ 0.72095388  1.13734734  2.07558107  0.10587828  0.85927778]
Sun, 08 May 2016 11:40:43 r.py[line:23] INFO 0 snow (10).jpg res:[ 0.4355402   2.16710877  4.05826759  0.0340668   0.68482125]
Sun, 08 May 2016 11:40:45 r.py[line:23] INFO 2 110.jpeg res:[ 0.85493261  0.586353    1.62637949  0.12411822  0.93494409]
Sun, 08 May 2016 11:40:52 r.py[line:23] INFO 2 166.jpeg res:[ 0.77372915  0.94387454  1.62549806  0.10614353  0.88735586]
Sun, 08 May 2016 11:40:58 r.py[line:23] INFO 2 468.jpeg res:[ 0.91376102  0.39493889  1.68150961  0.22892606  0.96435088]
Sun, 08 May 2016 11:41:06 r.py[line:23] INFO 2 265.jpeg res:[ 1.  0.  0.  0.  1.]
Sun, 08 May 2016 11:41:15 r.py[line:23] INFO 2 339.jpeg res:[ 0.98164976  0.09095023  0.45556462  0.96227139  0.99338967]
Sun, 08 May 2016 11:41:17 r.py[line:23] INFO 2 rain2.jpg res:[ 0.83946973  0.67523092  0.82399279  0.33041087  0.9209969 ]
Sun, 08 May 2016 11:41:22 r.py[line:23] INFO 2 14.jpeg res:[ 0.76859653  0.88229471  4.65569973  0.05512325  0.89374501]
Sun, 08 May 2016 11:41:26 r.py[line:23] INFO 2 106.jpeg res:[ 0.96748471  0.15314028  1.16965663  0.4233546   0.98696822]
Sun, 08 May 2016 11:41:33 r.py[line:23] INFO 2 205.jpeg res:[ 0.7049396   1.09767532  0.68812466  0.13066491  0.84726942]
Sun, 08 May 2016 11:41:35 r.py[line:23] INFO 2 48.jpeg res:[ 0.62432688  1.24682522  0.39610893  0.34927979  0.79130363]
Sun, 08 May 2016 11:41:39 r.py[line:23] INFO 2 448.jpeg res:[ 0.4407118   2.15902114  3.22199249  0.04899194  0.68022943]
Sun, 08 May 2016 11:42:03 r.py[line:23] INFO 0 29.jpeg res:[ 0.99750185  0.01507691  0.04349624  5.33151913  0.99891597]
Sun, 08 May 2016 11:42:07 r.py[line:23] INFO 0 125.jpeg res:[ 0.91134506  0.39444488  0.57916898  0.21622138  0.95885921]
Sun, 08 May 2016 11:42:12 r.py[line:23] INFO 0 314.jpeg res:[ 0.53126514  1.74980617  1.8051604   0.0403593   0.73329997]
Sun, 08 May 2016 11:42:29 r.py[line:23] INFO 0 147.jpeg res:[ 0.97160602  0.12269392  0.90358984  0.36805442  0.98835558]
Sun, 08 May 2016 11:42:32 r.py[line:23] INFO 0 420.jpeg res:[ 0.22232525  2.86140108  6.6525569   0.02217774  0.45462924]
Sun, 08 May 2016 11:42:54 r.py[line:23] INFO 0 334.jpeg res:[ 0.06666561  3.300524    0.62422502  0.07443351  0.17226177]
Sun, 08 May 2016 11:43:15 r.py[line:23] INFO 0 274.jpeg res:[ 0.1084201   3.26020145  3.29265237  0.02704648  0.24812903]
Sun, 08 May 2016 11:43:23 r.py[line:23] INFO 0 228.jpeg res:[ 0.79136646  0.67957062  0.30424649  0.70970881  0.89697486]
Sun, 08 May 2016 11:43:32 r.py[line:23] INFO 0 11.jpeg res:[ 0.89603209  0.43666255  1.4520998   0.23724335  0.95064801]
Sun, 08 May 2016 11:43:38 r.py[line:23] INFO 0 370.jpeg res:[ 0.34710261  2.4477129   2.70841599  0.0593704   0.6050474 ]
Sun, 08 May 2016 11:43:46 r.py[line:23] INFO 0 63.jpeg res:[ 0.29134122  2.30552912  0.77000177  0.17751649  0.53066295]
Sun, 08 May 2016 11:43:54 r.py[line:23] INFO 0 223.jpeg res:[ 0.70617741  1.09438026  2.72994661  0.1054093   0.85913235]
Sun, 08 May 2016 11:44:05 r.py[line:23] INFO 0 217.jpeg res:[ 0.41469142  1.98191488  0.97378445  0.0341896   0.63169903]
Sun, 08 May 2016 11:44:08 r.py[line:23] INFO 0 126.jpeg res:[ 0.44548404  1.93960881  5.3167944   0.02791595  0.68897557]
Sun, 08 May 2016 11:44:20 r.py[line:23] INFO 0 10s0.jpeg res:[  9.99943793e-01   3.70452646e-04   4.98026959e-04  -4.39655818e-02
   9.99985993e-01]
Sun, 08 May 2016 11:44:29 r.py[line:23] INFO 0 44.jpeg res:[ 0.38562199  2.02519059  1.01296639  0.1750699   0.62440103]
Sun, 08 May 2016 11:44:34 r.py[line:23] INFO 0 65.jpeg res:[ 0.96497363  0.16611841  0.95943993  0.51320535  0.98541754]
Sun, 08 May 2016 11:44:45 r.py[line:23] INFO 0 193.jpeg res:[ 1.  0.  0.  0.  1.]
Sun, 08 May 2016 11:44:53 r.py[line:23] INFO 0 82.jpeg res:[ 0.81344616  0.5479039   1.37524402  0.24675888  0.91647881]
Sun, 08 May 2016 11:44:56 r.py[line:23] INFO 0 200.jpeg res:[ 0.6321789   1.22674477  1.17639887  0.07333247  0.80611491]
Sun, 08 May 2016 11:45:06 r.py[line:23] INFO 0 276.jpeg res:[ 0.68513495  0.96819639  0.25749549  0.545394    0.81674969]
Sun, 08 May 2016 11:45:17 r.py[line:23] INFO 0 287.jpeg res:[ 0.3041231   2.14951801  0.51250333  0.08739493  0.54338819]
Sun, 08 May 2016 11:45:20 r.py[line:23] INFO 0 183.jpeg res:[ 0.97839212  0.07319959  0.94930065  0.38968325  0.99129498]
Sun, 08 May 2016 11:45:44 r.py[line:23] INFO 0 515.jpeg res:[ 0.88698912  0.43103251  0.76437283  0.4830077   0.95335197]
Sun, 08 May 2016 11:45:58 r.py[line:23] INFO 0 396.jpeg res:[ 0.73802048  0.76682615  0.31552008  1.01660979  0.85986274]
Sun, 08 May 2016 11:46:02 r.py[line:23] INFO 0 81.jpeg res:[ 0.98312497  0.08423918  0.37982333  1.05409515  0.99396652]
Sun, 08 May 2016 11:46:06 r.py[line:23] INFO 0 272.jpeg res:[ 0.39906576  1.39748108  3.53344679  0.01791118  0.47548124]
Sun, 08 May 2016 11:46:24 r.py[line:23] INFO 0 17.jpeg res:[ 0.38290477  1.47229731  0.50710243  0.02518587  0.58787131]
Sun, 08 May 2016 11:46:29 r.py[line:23] INFO 0 34.jpeg res:[ 0.98519999  0.07660533  0.1724658   2.44144821  0.99407423]
Sun, 08 May 2016 11:46:33 r.py[line:23] INFO 0 snow2.jpg res:[ 0.97722578  0.11577718  0.20668016  0.82107228  0.98998654]
Sun, 08 May 2016 11:47:47 r.py[line:23] INFO 0 55.jpeg res:[ 0.75361121  0.71101487  0.18793321  0.20828559  0.8696475 ]
Sun, 08 May 2016 11:47:55 r.py[line:23] INFO 0 282.jpeg res:[ 0.24651334  2.69095898  1.76097906  0.03633945  0.49488679]
Sun, 08 May 2016 11:48:00 r.py[line:23] INFO 0 107.jpeg res:[ 0.73784864  1.10988712  2.54610372  0.07947209  0.86909771]
Sun, 08 May 2016 11:48:05 r.py[line:23] INFO 0 361.jpeg res:[ 1.  0.  0.  0.  1.]
Sun, 08 May 2016 11:48:12 r.py[line:23] INFO 0 250.jpeg res:[ 0.97452992  0.1049316   0.21392703  1.96694779  0.98901695]
Sun, 08 May 2016 11:48:34 r.py[line:23] INFO 0 138.jpeg res:[ 0.1039693   3.26485682  3.57328987  0.02595956  0.22031927]
Sun, 08 May 2016 11:48:37 r.py[line:23] INFO 0 47.jpeg res:[ 0.24223384  2.32359123  2.71115756  0.02320554  0.45744339]
Sun, 08 May 2016 11:48:42 r.py[line:23] INFO 0 415.jpeg res:[ 0.91183168  0.38460144  0.49366426  0.27371609  0.96003437]
Sun, 08 May 2016 11:51:13 r.py[line:23] INFO 0 267.jpeg res:[ 0.92003936  0.31773746  0.07669494  0.51398802  0.95828015]
Sun, 08 May 2016 11:51:18 r.py[line:23] INFO 0 119.jpeg res:[ 1.  0.  0.  0.  1.]
Sun, 08 May 2016 11:51:23 r.py[line:23] INFO 0 382.jpeg res:[ 0.23384926  2.58676553  4.11844158  0.03280303  0.48113924]
Sun, 08 May 2016 11:51:28 r.py[line:23] INFO 0 110.jpeg res:[ 0.60138726  1.37501657  1.25399089  0.17325009  0.79148656]
Sun, 08 May 2016 11:51:34 r.py[line:23] INFO 0 240.jpeg res:[ 0.93766785  0.24407749  0.12801598  1.31208396  0.9730342 ]
Sun, 08 May 2016 11:51:50 r.py[line:23] INFO 0 14.jpeg res:[ 0.73187971  0.99953389  0.95425564  0.10505956  0.86597788]
Sun, 08 May 2016 11:51:55 r.py[line:23] INFO 0 368.jpeg res:[ 0.30146331  2.66602468  2.86991668  0.03630694  0.57248396]
Sun, 08 May 2016 11:51:57 r.py[line:23] INFO 0 s116.jpeg res:[  9.90763605e-01   4.35873233e-02   1.44877639e-02   3.02811623e+01
   9.94914949e-01]
Sun, 08 May 2016 11:52:04 r.py[line:23] INFO 0 369.jpeg res:[ 0.40953794  1.48763502  0.18745174  0.59016633  0.57677573]
Sun, 08 May 2016 11:52:12 r.py[line:23] INFO 0 237.jpeg res:[ 0.84096682  0.54492009  0.12452655  1.50911069  0.91490906]
Sun, 08 May 2016 11:52:22 r.py[line:23] INFO 0 s29.jpeg res:[ 0.7181465   0.82652992  0.18829039  0.3690694   0.85282987]
Sun, 08 May 2016 11:52:26 r.py[line:23] INFO 0 117.jpeg res:[  0.37136632   1.82540894  11.04785538   0.0186598    0.58604699]
Sun, 08 May 2016 11:52:42 r.py[line:23] INFO 0 48.jpeg res:[ 0.1125045   3.30849838  1.2808094   0.03236151  0.30675423]
